
2월 03, 2021 22:57:01.84 NEW SESSION
2월 03, 2021 22:57:01.84 [6236:2128:0203/225701.833:ERROR:device_event_log_impl.cc(211)] [22:57:01.833] USB: usb_device_handle_win.cc:1049 Failed to read descriptor from node connection: 시스템에 부착된 장치가 작동하지 않습니다. (0x1F)
2월 03, 2021 22:58:21.05 [10228:10748:0203/225821.053:ERROR:device_event_log_impl.cc(211)] [22:58:21.060] USB: usb_device_handle_win.cc:1049 Failed to read descriptor from node connection: 시스템에 부착된 장치가 작동하지 않습니다. (0x1F)
2월 03, 2021 23:26:41.66 [1096:8332:0203/232641.666:ERROR:device_event_log_impl.cc(211)] [23:26:41.668] USB: usb_device_handle_win.cc:1049 Failed to read descriptor from node connection: 시스템에 부착된 장치가 작동하지 않습니다. (0x1F)
2월 03, 2021 23:29:35.98 [3784:9828:0203/232935.986:ERROR:device_event_log_impl.cc(211)] [23:29:35.997] USB: usb_device_handle_win.cc:1049 Failed to read descriptor from node connection: 시스템에 부착된 장치가 작동하지 않습니다. (0x1F)

2월 07, 2021 23:44:18.49 NEW SESSION
2월 07, 2021 23:44:18.49 [2656:10616:0207/234418.490:ERROR:device_event_log_impl.cc(211)] [23:44:18.489] USB: usb_device_handle_win.cc:1049 Failed to read descriptor from node connection: 시스템에 부착된 장치가 작동하지 않습니다. (0x1F)
2월 07, 2021 23:49:23.28 [12184:8904:0207/234923.283:ERROR:device_event_log_impl.cc(211)] [23:49:23.271] USB: usb_device_handle_win.cc:1049 Failed to read descriptor from node connection: 시스템에 부착된 장치가 작동하지 않습니다. (0x1F)
2월 07, 2021 23:51:15.62 [1844:3000:0207/235115.623:ERROR:device_event_log_impl.cc(211)] [23:51:15.617] USB: usb_device_handle_win.cc:1049 Failed to read descriptor from node connection: 시스템에 부착된 장치가 작동하지 않습니다. (0x1F)
2월 07, 2021 23:55:21.28 [2324:7704:0207/235521.282:ERROR:device_event_log_impl.cc(211)] [23:55:21.272] USB: usb_device_handle_win.cc:1049 Failed to read descriptor from node connection: 시스템에 부착된 장치가 작동하지 않습니다. (0x1F)
2월 08, 2021 24:08:00.34 [8752:4876:0208/000800.342:ERROR:device_event_log_impl.cc(211)] [00:08:00.330] USB: usb_device_handle_win.cc:1049 Failed to read descriptor from node connection: 시스템에 부착된 장치가 작동하지 않습니다. (0x1F)

2월 08, 2021 19:04:50.66 NEW SESSION
2월 08, 2021 19:04:50.66 [9424:8032:0208/190450.662:ERROR:device_event_log_impl.cc(211)] [19:04:50.661] USB: usb_device_handle_win.cc:1049 Failed to read descriptor from node connection: 시스템에 부착된 장치가 작동하지 않습니다. (0x1F)
2월 08, 2021 19:04:50.66 [9424:8032:0208/190450.662:ERROR:device_event_log_impl.cc(211)] [19:04:50.662] USB: usb_device_handle_win.cc:1049 Failed to read descriptor from node connection: 시스템에 부착된 장치가 작동하지 않습니다. (0x1F)
2월 08, 2021 21:49:39.52 [9424:8032:0208/214939.523:ERROR:device_event_log_impl.cc(211)] [21:49:39.522] USB: usb_service_win.cc:191 Failed to get device bus number: 요소가 없습니다. (0x490)
2월 08, 2021 21:49:39.64 [9424:8032:0208/214939.644:ERROR:device_event_log_impl.cc(211)] [21:49:39.644] USB: usb_service_win.cc:281 SetupDiEnumDeviceInterfaces: 사용 가능한 데이터가 없습니다. (0x103)
2월 08, 2021 21:49:39.64 [9424:8032:0208/214939.646:ERROR:device_event_log_impl.cc(211)] [21:49:39.646] USB: usb_service_win.cc:258 Failed to get device driver name: 요소가 없습니다. (0x490)
2월 08, 2021 21:49:40.98 [9424:8032:0208/214940.988:ERROR:device_event_log_impl.cc(211)] [21:49:40.988] USB: usb_service_win.cc:258 Failed to get device driver name: 요소가 없습니다. (0x490)
2월 08, 2021 21:51:18.63 [4136:2400:0208/215118.637:ERROR:device_event_log_impl.cc(211)] [21:51:18.637] USB: usb_device_handle_win.cc:1049 Failed to read descriptor from node connection: 시스템에 부착된 장치가 작동하지 않습니다. (0x1F)
2월 08, 2021 21:51:51.87 [10116:2144:0208/215151.877:ERROR:device_event_log_impl.cc(211)] [21:51:51.877] USB: usb_device_handle_win.cc:1049 Failed to read descriptor from node connection: 시스템에 부착된 장치가 작동하지 않습니다. (0x1F)
2월 09, 2021 24:07:10.70 [9776:7476:0209/000710.705:ERROR:device_event_log_impl.cc(211)] [00:07:10.705] USB: usb_device_handle_win.cc:1049 Failed to read descriptor from node connection: 시스템에 부착된 장치가 작동하지 않습니다. (0x1F)

2월 09, 2021 23:23:13.38 NEW SESSION
2월 09, 2021 23:23:13.38 [11748:4648:0209/232313.384:ERROR:device_event_log_impl.cc(211)] [23:23:13.377] USB: usb_device_handle_win.cc:1049 Failed to read descriptor from node connection: 시스템에 부착된 장치가 작동하지 않습니다. (0x1F)
2월 09, 2021 23:41:36.03 [2980:10976:0209/234136.037:ERROR:device_event_log_impl.cc(211)] [23:41:36.036] USB: usb_device_handle_win.cc:1049 Failed to read descriptor from node connection: 시스템에 부착된 장치가 작동하지 않습니다. (0x1F)
2월 09, 2021 23:43:08.03 [7796:4280:0209/234308.032:ERROR:device_event_log_impl.cc(211)] [23:43:08.026] USB: usb_device_handle_win.cc:1049 Failed to read descriptor from node connection: 시스템에 부착된 장치가 작동하지 않습니다. (0x1F)
2월 09, 2021 23:43:50.52 [7292:12808:0209/234350.528:ERROR:device_event_log_impl.cc(211)] [23:43:50.523] USB: usb_device_handle_win.cc:1049 Failed to read descriptor from node connection: 시스템에 부착된 장치가 작동하지 않습니다. (0x1F)
2월 09, 2021 23:45:41.17 [1436:2024:0209/234541.177:ERROR:device_event_log_impl.cc(211)] [23:45:41.178] USB: usb_device_handle_win.cc:1049 Failed to read descriptor from node connection: 시스템에 부착된 장치가 작동하지 않습니다. (0x1F)
2월 09, 2021 23:45:41.17 [1436:2024:0209/234541.177:ERROR:device_event_log_impl.cc(211)] [23:45:41.178] USB: usb_device_handle_win.cc:1049 Failed to read descriptor from node connection: 시스템에 부착된 장치가 작동하지 않습니다. (0x1F)
2월 10, 2021 24:01:14.92 [11880:7400:0210/000114.923:ERROR:device_event_log_impl.cc(211)] [00:01:14.917] USB: usb_device_handle_win.cc:1049 Failed to read descriptor from node connection: 시스템에 부착된 장치가 작동하지 않습니다. (0x1F)
2월 10, 2021 24:01:14.92 [11880:7400:0210/000114.923:ERROR:device_event_log_impl.cc(211)] [00:01:14.918] USB: usb_device_handle_win.cc:1049 Failed to read descriptor from node connection: 시스템에 부착된 장치가 작동하지 않습니다. (0x1F)
2월 10, 2021 24:02:38.21 [5324:2748:0210/000238.218:ERROR:device_event_log_impl.cc(211)] [00:02:38.210] USB: usb_device_handle_win.cc:1049 Failed to read descriptor from node connection: 시스템에 부착된 장치가 작동하지 않습니다. (0x1F)
2월 10, 2021 24:02:38.22 [5324:2748:0210/000238.220:ERROR:device_event_log_impl.cc(211)] [00:02:38.212] USB: usb_device_handle_win.cc:1049 Failed to read descriptor from node connection: 시스템에 부착된 장치가 작동하지 않습니다. (0x1F)
2월 10, 2021 24:05:26.71 [8976:11684:0210/000526.712:ERROR:device_event_log_impl.cc(211)] [00:05:26.724] USB: usb_device_handle_win.cc:1049 Failed to read descriptor from node connection: 시스템에 부착된 장치가 작동하지 않습니다. (0x1F)
2월 10, 2021 24:06:29.28 [3488:10484:0210/000629.285:ERROR:device_event_log_impl.cc(211)] [00:06:29.276] USB: usb_device_handle_win.cc:1049 Failed to read descriptor from node connection: 시스템에 부착된 장치가 작동하지 않습니다. (0x1F)
2월 10, 2021 24:06:29.28 [3488:10484:0210/000629.287:ERROR:device_event_log_impl.cc(211)] [00:06:29.277] USB: usb_device_handle_win.cc:1049 Failed to read descriptor from node connection: 시스템에 부착된 장치가 작동하지 않습니다. (0x1F)
2월 10, 2021 24:09:24.60 [2516:12460:0210/000924.608:ERROR:device_event_log_impl.cc(211)] [00:09:24.607] USB: usb_device_handle_win.cc:1049 Failed to read descriptor from node connection: 시스템에 부착된 장치가 작동하지 않습니다. (0x1F)
2월 10, 2021 24:10:34.78 [904:2504:0210/001034.787:ERROR:device_event_log_impl.cc(211)] [00:10:34.778] USB: usb_device_handle_win.cc:1049 Failed to read descriptor from node connection: 시스템에 부착된 장치가 작동하지 않습니다. (0x1F)

2월 10, 2021 23:18:48.79 NEW SESSION
2월 10, 2021 23:18:48.79 [5708:10164:0210/231848.795:ERROR:device_event_log_impl.cc(211)] [23:18:48.795] USB: usb_device_handle_win.cc:1049 Failed to read descriptor from node connection: 시스템에 부착된 장치가 작동하지 않습니다. (0x1F)
2월 10, 2021 23:19:34.51 [6892:1164:0210/231934.512:ERROR:device_event_log_impl.cc(211)] [23:19:34.512] USB: usb_device_handle_win.cc:1049 Failed to read descriptor from node connection: 시스템에 부착된 장치가 작동하지 않습니다. (0x1F)
2월 10, 2021 23:31:01.81 [2632:9288:0210/233101.819:ERROR:device_event_log_impl.cc(211)] [23:31:01.819] USB: usb_device_handle_win.cc:1049 Failed to read descriptor from node connection: 시스템에 부착된 장치가 작동하지 않습니다. (0x1F)
2월 11, 2021 24:48:12.86 [9180:10168:0211/004812.865:ERROR:device_event_log_impl.cc(211)] [00:48:12.865] USB: usb_device_handle_win.cc:1049 Failed to read descriptor from node connection: 시스템에 부착된 장치가 작동하지 않습니다. (0x1F)
2월 11, 2021 24:48:12.86 [9180:10168:0211/004812.866:ERROR:device_event_log_impl.cc(211)] [00:48:12.866] USB: usb_device_handle_win.cc:1049 Failed to read descriptor from node connection: 시스템에 부착된 장치가 작동하지 않습니다. (0x1F)

2월 11, 2021 22:51:17.59 NEW SESSION
2월 11, 2021 22:51:17.59 [8540:9064:0211/225117.576:ERROR:device_event_log_impl.cc(211)] [22:51:17.586] USB: usb_device_handle_win.cc:1049 Failed to read descriptor from node connection: 시스템에 부착된 장치가 작동하지 않습니다. (0x1F)
2월 11, 2021 22:55:12.20 [7088:1980:0211/225512.204:ERROR:device_event_log_impl.cc(211)] [22:55:12.204] USB: usb_device_handle_win.cc:1049 Failed to read descriptor from node connection: 시스템에 부착된 장치가 작동하지 않습니다. (0x1F)
2월 11, 2021 23:05:42.77 [1964:2460:0211/230542.775:ERROR:device_event_log_impl.cc(211)] [23:05:42.776] USB: usb_device_handle_win.cc:1049 Failed to read descriptor from node connection: 시스템에 부착된 장치가 작동하지 않습니다. (0x1F)
2월 11, 2021 23:13:49.40 [8992:3492:0211/231349.400:ERROR:device_event_log_impl.cc(211)] [23:13:49.400] USB: usb_device_handle_win.cc:1049 Failed to read descriptor from node connection: 시스템에 부착된 장치가 작동하지 않습니다. (0x1F)
2월 12, 2021 24:02:47.17 [8332:336:0212/000247.170:ERROR:device_event_log_impl.cc(211)] [00:02:47.170] USB: usb_device_handle_win.cc:1049 Failed to read descriptor from node connection: 시스템에 부착된 장치가 작동하지 않습니다. (0x1F)
2월 12, 2021 24:06:09.10 [9768:7928:0212/000609.105:ERROR:device_event_log_impl.cc(211)] [00:06:09.105] USB: usb_device_handle_win.cc:1049 Failed to read descriptor from node connection: 시스템에 부착된 장치가 작동하지 않습니다. (0x1F)
2월 12, 2021 24:08:12.17 [5740:2852:0212/000812.175:ERROR:device_event_log_impl.cc(211)] [00:08:12.175] USB: usb_device_handle_win.cc:1049 Failed to read descriptor from node connection: 시스템에 부착된 장치가 작동하지 않습니다. (0x1F)
2월 12, 2021 24:10:45.25 [4956:216:0212/001045.259:ERROR:device_event_log_impl.cc(211)] [00:10:45.258] USB: usb_device_handle_win.cc:1049 Failed to read descriptor from node connection: 시스템에 부착된 장치가 작동하지 않습니다. (0x1F)

2월 14, 2021 16:21:45.06 NEW SESSION
2월 14, 2021 16:21:45.06 [5132:10124:0214/162145.065:ERROR:device_event_log_impl.cc(211)] [16:21:45.065] USB: usb_device_handle_win.cc:1049 Failed to read descriptor from node connection: 시스템에 부착된 장치가 작동하지 않습니다. (0x1F)
2월 14, 2021 16:24:44.98 [6180:10836:0214/162444.982:ERROR:device_event_log_impl.cc(211)] [16:24:44.981] USB: usb_device_handle_win.cc:1049 Failed to read descriptor from node connection: 시스템에 부착된 장치가 작동하지 않습니다. (0x1F)
2월 14, 2021 16:49:31.02 [7212:9092:0214/164931.024:ERROR:device_event_log_impl.cc(211)] [16:49:31.024] USB: usb_device_handle_win.cc:1049 Failed to read descriptor from node connection: 시스템에 부착된 장치가 작동하지 않습니다. (0x1F)
2월 14, 2021 17:13:15.35 [3516:6552:0214/171315.359:ERROR:device_event_log_impl.cc(211)] [17:13:15.359] USB: usb_device_handle_win.cc:1049 Failed to read descriptor from node connection: 시스템에 부착된 장치가 작동하지 않습니다. (0x1F)
2월 14, 2021 17:17:44.75 [9444:5628:0214/171744.756:ERROR:device_event_log_impl.cc(211)] [17:17:44.755] USB: usb_device_handle_win.cc:1049 Failed to read descriptor from node connection: 시스템에 부착된 장치가 작동하지 않습니다. (0x1F)
2월 14, 2021 17:37:34.54 [11196:2232:0214/173734.548:ERROR:device_event_log_impl.cc(211)] [17:37:34.548] USB: usb_device_handle_win.cc:1049 Failed to read descriptor from node connection: 시스템에 부착된 장치가 작동하지 않습니다. (0x1F)
2월 14, 2021 17:43:45.96 [2668:4044:0214/174345.963:ERROR:device_event_log_impl.cc(211)] [17:43:45.963] USB: usb_device_handle_win.cc:1049 Failed to read descriptor from node connection: 시스템에 부착된 장치가 작동하지 않습니다. (0x1F)
2월 14, 2021 17:44:49.74 [8268:9868:0214/174449.744:ERROR:device_event_log_impl.cc(211)] [17:44:49.744] USB: usb_device_handle_win.cc:1049 Failed to read descriptor from node connection: 시스템에 부착된 장치가 작동하지 않습니다. (0x1F)
2월 14, 2021 17:46:19.17 [9500:9752:0214/174619.174:ERROR:device_event_log_impl.cc(211)] [17:46:19.173] USB: usb_device_handle_win.cc:1049 Failed to read descriptor from node connection: 시스템에 부착된 장치가 작동하지 않습니다. (0x1F)

2월 15, 2021 23:10:01.03 NEW SESSION
2월 15, 2021 23:10:01.03 [10784:2444:0215/231001.037:ERROR:device_event_log_impl.cc(211)] [23:10:01.042] USB: usb_device_handle_win.cc:1049 Failed to read descriptor from node connection: 시스템에 부착된 장치가 작동하지 않습니다. (0x1F)
2월 15, 2021 23:46:15.36 [4588:828:0215/234615.359:ERROR:device_event_log_impl.cc(211)] [23:46:15.359] USB: usb_device_handle_win.cc:1049 Failed to read descriptor from node connection: 시스템에 부착된 장치가 작동하지 않습니다. (0x1F)
2월 15, 2021 23:55:40.80 [9484:7560:0215/235540.806:ERROR:device_event_log_impl.cc(211)] [23:55:40.807] USB: usb_device_handle_win.cc:1049 Failed to read descriptor from node connection: 시스템에 부착된 장치가 작동하지 않습니다. (0x1F)
2월 16, 2021 24:11:22.52 [10744:8764:0216/001122.527:ERROR:device_event_log_impl.cc(211)] [00:11:22.526] USB: usb_device_handle_win.cc:1049 Failed to read descriptor from node connection: 시스템에 부착된 장치가 작동하지 않습니다. (0x1F)
2월 16, 2021 24:12:04.77 [1292:10272:0216/001204.778:ERROR:device_event_log_impl.cc(211)] [00:12:04.778] USB: usb_device_handle_win.cc:1049 Failed to read descriptor from node connection: 시스템에 부착된 장치가 작동하지 않습니다. (0x1F)
2월 16, 2021 24:13:15.40 [9596:3748:0216/001315.406:ERROR:device_event_log_impl.cc(211)] [00:13:15.406] USB: usb_device_handle_win.cc:1049 Failed to read descriptor from node connection: 시스템에 부착된 장치가 작동하지 않습니다. (0x1F)
2월 16, 2021 24:14:14.57 [8832:4892:0216/001414.574:ERROR:device_event_log_impl.cc(211)] [00:14:14.574] USB: usb_device_handle_win.cc:1049 Failed to read descriptor from node connection: 시스템에 부착된 장치가 작동하지 않습니다. (0x1F)
2월 16, 2021 24:15:27.61 [1164:9072:0216/001527.619:ERROR:device_event_log_impl.cc(211)] [00:15:27.618] USB: usb_device_handle_win.cc:1049 Failed to read descriptor from node connection: 시스템에 부착된 장치가 작동하지 않습니다. (0x1F)
2월 16, 2021 24:32:18.87 [5688:10276:0216/003218.874:ERROR:device_event_log_impl.cc(211)] [00:32:18.862] USB: usb_device_handle_win.cc:1049 Failed to read descriptor from node connection: 시스템에 부착된 장치가 작동하지 않습니다. (0x1F)
2월 16, 2021 24:33:26.85 [4552:6940:0216/003326.859:ERROR:device_event_log_impl.cc(211)] [00:33:26.862] USB: usb_device_handle_win.cc:1049 Failed to read descriptor from node connection: 시스템에 부착된 장치가 작동하지 않습니다. (0x1F)
2월 16, 2021 24:38:58.54 [260:10860:0216/003858.548:ERROR:device_event_log_impl.cc(211)] [00:38:58.545] USB: usb_device_handle_win.cc:1049 Failed to read descriptor from node connection: 시스템에 부착된 장치가 작동하지 않습니다. (0x1F)
2월 16, 2021 24:38:58.54 [260:10860:0216/003858.548:ERROR:device_event_log_impl.cc(211)] [00:38:58.546] USB: usb_device_handle_win.cc:1049 Failed to read descriptor from node connection: 시스템에 부착된 장치가 작동하지 않습니다. (0x1F)
2월 16, 2021 24:39:40.37 [9348:8704:0216/003940.375:ERROR:device_event_log_impl.cc(211)] [00:39:40.376] USB: usb_device_handle_win.cc:1049 Failed to read descriptor from node connection: 시스템에 부착된 장치가 작동하지 않습니다. (0x1F)
2월 16, 2021 24:42:04.22 [6248:10484:0216/004204.228:ERROR:device_event_log_impl.cc(211)] [00:42:04.234] USB: usb_device_handle_win.cc:1049 Failed to read descriptor from node connection: 시스템에 부착된 장치가 작동하지 않습니다. (0x1F)
2월 16, 2021 24:42:50.52 [8288:5436:0216/004250.527:ERROR:device_event_log_impl.cc(211)] [00:42:50.526] USB: usb_device_handle_win.cc:1049 Failed to read descriptor from node connection: 시스템에 부착된 장치가 작동하지 않습니다. (0x1F)

2월 16, 2021 20:26:35.37 NEW SESSION
2월 16, 2021 20:26:35.37 [9908:5408:0216/202635.357:ERROR:device_event_log_impl.cc(211)] [20:26:35.364] USB: usb_device_handle_win.cc:1049 Failed to read descriptor from node connection: 시스템에 부착된 장치가 작동하지 않습니다. (0x1F)
2월 16, 2021 22:52:39.01 [7468:5628:0216/225239.016:ERROR:device_event_log_impl.cc(211)] [22:52:39.009] USB: usb_device_handle_win.cc:1049 Failed to read descriptor from node connection: 시스템에 부착된 장치가 작동하지 않습니다. (0x1F)
2월 16, 2021 22:55:38.72 [5416:10964:0216/225538.725:ERROR:device_event_log_impl.cc(211)] [22:55:38.733] USB: usb_device_handle_win.cc:1049 Failed to read descriptor from node connection: 시스템에 부착된 장치가 작동하지 않습니다. (0x1F)
2월 16, 2021 23:11:21.69 [11044:8024:0216/231121.694:ERROR:device_event_log_impl.cc(211)] [23:11:21.707] USB: usb_device_handle_win.cc:1049 Failed to read descriptor from node connection: 시스템에 부착된 장치가 작동하지 않습니다. (0x1F)
2월 16, 2021 23:12:29.85 [2900:676:0216/231229.850:ERROR:device_event_log_impl.cc(211)] [23:12:29.842] USB: usb_device_handle_win.cc:1049 Failed to read descriptor from node connection: 시스템에 부착된 장치가 작동하지 않습니다. (0x1F)
2월 16, 2021 23:29:18.21 [7548:9244:0216/232918.216:ERROR:device_event_log_impl.cc(211)] [23:29:18.216] USB: usb_device_handle_win.cc:1049 Failed to read descriptor from node connection: 시스템에 부착된 장치가 작동하지 않습니다. (0x1F)
2월 16, 2021 23:42:25.34 [5980:5372:0216/234225.346:ERROR:device_event_log_impl.cc(211)] [23:42:25.354] USB: usb_device_handle_win.cc:1049 Failed to read descriptor from node connection: 시스템에 부착된 장치가 작동하지 않습니다. (0x1F)
2월 17, 2021 24:17:08.36 [3356:8256:0217/001708.366:ERROR:device_event_log_impl.cc(211)] [00:17:08.354] USB: usb_device_handle_win.cc:1049 Failed to read descriptor from node connection: 시스템에 부착된 장치가 작동하지 않습니다. (0x1F)
2월 17, 2021 24:19:50.13 [6668:10100:0217/001950.138:ERROR:device_event_log_impl.cc(211)] [00:19:50.137] USB: usb_device_handle_win.cc:1049 Failed to read descriptor from node connection: 시스템에 부착된 장치가 작동하지 않습니다. (0x1F)

2월 17, 2021 17:13:56.59 NEW SESSION
2월 17, 2021 17:13:56.59 [9676:10980:0217/171356.590:ERROR:device_event_log_impl.cc(211)] [17:13:56.590] USB: usb_device_handle_win.cc:1049 Failed to read descriptor from node connection: 시스템에 부착된 장치가 작동하지 않습니다. (0x1F)
2월 17, 2021 17:15:58.59 [10220:9708:0217/171558.597:ERROR:device_event_log_impl.cc(211)] [17:15:58.597] USB: usb_device_handle_win.cc:1049 Failed to read descriptor from node connection: 시스템에 부착된 장치가 작동하지 않습니다. (0x1F)
2월 17, 2021 17:17:59.55 [8300:1800:0217/171759.553:ERROR:device_event_log_impl.cc(211)] [17:17:59.553] USB: usb_device_handle_win.cc:1049 Failed to read descriptor from node connection: 시스템에 부착된 장치가 작동하지 않습니다. (0x1F)
2월 17, 2021 17:19:58.45 [10348:6332:0217/171958.454:ERROR:device_event_log_impl.cc(211)] [17:19:58.454] USB: usb_device_handle_win.cc:1049 Failed to read descriptor from node connection: 시스템에 부착된 장치가 작동하지 않습니다. (0x1F)
2월 17, 2021 18:35:36.13 [10348:6332:0217/183536.132:ERROR:device_event_log_impl.cc(211)] [18:35:36.133] USB: usb_service_win.cc:191 Failed to get device bus number: 요소가 없습니다. (0x490)
2월 17, 2021 18:35:36.13 [10348:6332:0217/183536.133:ERROR:device_event_log_impl.cc(211)] [18:35:36.133] USB: usb_service_win.cc:281 SetupDiEnumDeviceInterfaces: 사용 가능한 데이터가 없습니다. (0x103)
2월 17, 2021 18:35:36.13 [10348:6332:0217/183536.135:ERROR:device_event_log_impl.cc(211)] [18:35:36.135] USB: usb_service_win.cc:258 Failed to get device driver name: 요소가 없습니다. (0x490)
2월 17, 2021 18:49:03.90 [10348:6332:0217/184903.909:ERROR:usb_descriptors.cc(160)] Device descriptor parsing error.
2월 17, 2021 18:49:03.90 [10348:6332:0217/184903.909:ERROR:device_event_log_impl.cc(211)] [18:49:03.909] USB: usb_device_win.cc:93 Failed to read descriptors from \\?\usb#vid_5986&pid_9102#6&1d63ab43&0&4#{a5dcbf10-6530-11d2-901f-00c04fb951ed}.
2월 17, 2021 18:49:03.90 [10348:6332:0217/184903.909:ERROR:usb_descriptors.cc(160)] Device descriptor parsing error.
2월 17, 2021 18:49:03.91 [10348:6332:0217/184903.909:ERROR:device_event_log_impl.cc(211)] [18:49:03.909] USB: usb_device_win.cc:93 Failed to read descriptors from \\?\usb#vid_8087&pid_0029#6&1d63ab43&0&3#{a5dcbf10-6530-11d2-901f-00c04fb951ed}.
2월 17, 2021 18:49:03.91 [10348:6332:0217/184903.910:ERROR:device_event_log_impl.cc(211)] [18:49:03.910] USB: usb_service_win.cc:258 Failed to get device driver name: 요소가 없습니다. (0x490)
2월 17, 2021 18:49:05.38 [10348:6332:0217/184905.385:ERROR:device_event_log_impl.cc(211)] [18:49:05.386] USB: usb_service_win.cc:258 Failed to get device driver name: 요소가 없습니다. (0x490)
2월 17, 2021 19:09:46.53 [10748:7816:0217/190946.532:ERROR:device_event_log_impl.cc(211)] [19:09:46.531] USB: usb_device_handle_win.cc:1049 Failed to read descriptor from node connection: 시스템에 부착된 장치가 작동하지 않습니다. (0x1F)
2월 17, 2021 19:10:30.40 [6808:5140:0217/191030.406:ERROR:device_event_log_impl.cc(211)] [19:10:30.406] USB: usb_device_handle_win.cc:1049 Failed to read descriptor from node connection: 시스템에 부착된 장치가 작동하지 않습니다. (0x1F)
2월 17, 2021 19:11:10.26 [9296:7216:0217/191110.266:ERROR:device_event_log_impl.cc(211)] [19:11:10.266] USB: usb_device_handle_win.cc:1049 Failed to read descriptor from node connection: 시스템에 부착된 장치가 작동하지 않습니다. (0x1F)
2월 17, 2021 19:15:15.76 [9528:5832:0217/191515.768:ERROR:device_event_log_impl.cc(211)] [19:15:15.769] USB: usb_device_handle_win.cc:1049 Failed to read descriptor from node connection: 시스템에 부착된 장치가 작동하지 않습니다. (0x1F)
2월 17, 2021 19:24:14.03 [2512:1716:0217/192414.038:ERROR:device_event_log_impl.cc(211)] [19:24:14.038] USB: usb_device_handle_win.cc:1049 Failed to read descriptor from node connection: 시스템에 부착된 장치가 작동하지 않습니다. (0x1F)
2월 17, 2021 19:24:44.09 [7616:6476:0217/192444.092:ERROR:device_event_log_impl.cc(211)] [19:24:44.092] USB: usb_device_handle_win.cc:1049 Failed to read descriptor from node connection: 시스템에 부착된 장치가 작동하지 않습니다. (0x1F)
2월 17, 2021 19:26:43.80 [832:4936:0217/192643.804:ERROR:device_event_log_impl.cc(211)] [19:26:43.804] USB: usb_device_handle_win.cc:1049 Failed to read descriptor from node connection: 시스템에 부착된 장치가 작동하지 않습니다. (0x1F)
2월 17, 2021 19:58:55.05 [6832:5380:0217/195855.050:ERROR:device_event_log_impl.cc(211)] [19:58:55.049] USB: usb_device_handle_win.cc:1049 Failed to read descriptor from node connection: 시스템에 부착된 장치가 작동하지 않습니다. (0x1F)
2월 17, 2021 20:13:02.72 [3864:6384:0217/201302.725:ERROR:device_event_log_impl.cc(211)] [20:13:02.724] USB: usb_device_handle_win.cc:1049 Failed to read descriptor from node connection: 시스템에 부착된 장치가 작동하지 않습니다. (0x1F)
2월 17, 2021 20:14:45.45 [564:9888:0217/201445.452:ERROR:device_event_log_impl.cc(211)] [20:14:45.453] USB: usb_device_handle_win.cc:1049 Failed to read descriptor from node connection: 시스템에 부착된 장치가 작동하지 않습니다. (0x1F)
2월 17, 2021 20:17:56.42 [8544:7604:0217/201756.427:ERROR:device_event_log_impl.cc(211)] [20:17:56.427] USB: usb_device_handle_win.cc:1049 Failed to read descriptor from node connection: 시스템에 부착된 장치가 작동하지 않습니다. (0x1F)

2월 18, 2021 23:56:50.18 NEW SESSION
2월 18, 2021 23:56:50.18 [11476:11408:0218/235650.183:ERROR:device_event_log_impl.cc(211)] [23:56:50.182] USB: usb_device_handle_win.cc:1049 Failed to read descriptor from node connection: 시스템에 부착된 장치가 작동하지 않습니다. (0x1F)
2월 19, 2021 24:06:25.51 [8628:7036:0219/000625.512:ERROR:device_event_log_impl.cc(211)] [00:06:25.512] USB: usb_device_handle_win.cc:1049 Failed to read descriptor from node connection: 시스템에 부착된 장치가 작동하지 않습니다. (0x1F)
2월 19, 2021 24:06:25.51 [8628:7036:0219/000625.519:ERROR:device_event_log_impl.cc(211)] [00:06:25.519] USB: usb_device_handle_win.cc:1049 Failed to read descriptor from node connection: 시스템에 부착된 장치가 작동하지 않습니다. (0x1F)
2월 19, 2021 24:19:04.63 [11980:692:0219/001904.631:ERROR:device_event_log_impl.cc(211)] [00:19:04.631] USB: usb_device_handle_win.cc:1049 Failed to read descriptor from node connection: 시스템에 부착된 장치가 작동하지 않습니다. (0x1F)
2월 19, 2021 24:38:19.26 [932:5236:0219/003819.260:ERROR:device_event_log_impl.cc(211)] [00:38:19.259] USB: usb_device_handle_win.cc:1049 Failed to read descriptor from node connection: 시스템에 부착된 장치가 작동하지 않습니다. (0x1F)
2월 19, 2021 24:52:17.61 [8504:3364:0219/005217.615:ERROR:device_event_log_impl.cc(211)] [00:52:17.610] USB: usb_device_handle_win.cc:1049 Failed to read descriptor from node connection: 시스템에 부착된 장치가 작동하지 않습니다. (0x1F)
2월 19, 2021 24:52:17.61 [8504:3364:0219/005217.615:ERROR:device_event_log_impl.cc(211)] [00:52:17.611] USB: usb_device_handle_win.cc:1049 Failed to read descriptor from node connection: 시스템에 부착된 장치가 작동하지 않습니다. (0x1F)
2월 19, 2021 24:57:58.11 [11956:6628:0219/005758.115:ERROR:device_event_log_impl.cc(211)] [00:57:58.118] USB: usb_device_handle_win.cc:1049 Failed to read descriptor from node connection: 시스템에 부착된 장치가 작동하지 않습니다. (0x1F)
2월 19, 2021 01:01:01.47 [2828:7576:0219/010101.475:ERROR:device_event_log_impl.cc(211)] [01:01:01.478] USB: usb_device_handle_win.cc:1049 Failed to read descriptor from node connection: 시스템에 부착된 장치가 작동하지 않습니다. (0x1F)
2월 19, 2021 01:04:24.07 [3760:248:0219/010424.075:ERROR:device_event_log_impl.cc(211)] [01:04:24.076] USB: usb_device_handle_win.cc:1049 Failed to read descriptor from node connection: 시스템에 부착된 장치가 작동하지 않습니다. (0x1F)

2월 20, 2021 17:27:58.12 NEW SESSION
2월 20, 2021 17:27:58.13 [9048:7004:0220/172758.128:ERROR:device_event_log_impl.cc(211)] [17:27:58.128] USB: usb_device_handle_win.cc:1049 Failed to read descriptor from node connection: 시스템에 부착된 장치가 작동하지 않습니다. (0x1F)
2월 20, 2021 22:11:36.69 [692:3224:0220/221136.692:ERROR:device_event_log_impl.cc(211)] [22:11:36.678] USB: usb_device_handle_win.cc:1049 Failed to read descriptor from node connection: 시스템에 부착된 장치가 작동하지 않습니다. (0x1F)
2월 20, 2021 22:12:54.99 [9236:9112:0220/221254.993:ERROR:device_event_log_impl.cc(211)] [22:12:54.982] USB: usb_device_handle_win.cc:1049 Failed to read descriptor from node connection: 시스템에 부착된 장치가 작동하지 않습니다. (0x1F)
2월 20, 2021 22:28:20.81 [8336:1944:0220/222820.813:ERROR:device_event_log_impl.cc(211)] [22:28:20.807] USB: usb_device_handle_win.cc:1049 Failed to read descriptor from node connection: 시스템에 부착된 장치가 작동하지 않습니다. (0x1F)
2월 20, 2021 22:43:03.82 [10572:6564:0220/224303.825:ERROR:device_event_log_impl.cc(211)] [22:43:03.823] USB: usb_device_handle_win.cc:1049 Failed to read descriptor from node connection: 시스템에 부착된 장치가 작동하지 않습니다. (0x1F)
2월 20, 2021 22:44:18.10 [7524:7688:0220/224418.108:ERROR:device_event_log_impl.cc(211)] [22:44:18.096] USB: usb_device_handle_win.cc:1049 Failed to read descriptor from node connection: 시스템에 부착된 장치가 작동하지 않습니다. (0x1F)
2월 20, 2021 23:08:45.78 [856:3672:0220/230845.786:ERROR:device_event_log_impl.cc(211)] [23:08:45.786] USB: usb_device_handle_win.cc:1049 Failed to read descriptor from node connection: 시스템에 부착된 장치가 작동하지 않습니다. (0x1F)
2월 20, 2021 23:54:08.04 [5788:2704:0220/235408.048:ERROR:device_event_log_impl.cc(211)] [23:54:08.040] USB: usb_device_handle_win.cc:1049 Failed to read descriptor from node connection: 시스템에 부착된 장치가 작동하지 않습니다. (0x1F)
2월 20, 2021 23:57:43.86 [5136:8036:0220/235743.861:ERROR:device_event_log_impl.cc(211)] [23:57:43.853] USB: usb_device_handle_win.cc:1049 Failed to read descriptor from node connection: 시스템에 부착된 장치가 작동하지 않습니다. (0x1F)
2월 20, 2021 23:59:52.15 [5800:5724:0220/235952.150:ERROR:device_event_log_impl.cc(211)] [23:59:52.146] USB: usb_device_handle_win.cc:1049 Failed to read descriptor from node connection: 시스템에 부착된 장치가 작동하지 않습니다. (0x1F)
2월 21, 2021 24:06:06.85 [2472:9044:0221/000606.852:ERROR:device_event_log_impl.cc(211)] [00:06:06.847] USB: usb_device_handle_win.cc:1049 Failed to read descriptor from node connection: 시스템에 부착된 장치가 작동하지 않습니다. (0x1F)
2월 21, 2021 24:11:27.75 [924:7792:0221/001127.753:ERROR:device_event_log_impl.cc(211)] [00:11:27.747] USB: usb_device_handle_win.cc:1049 Failed to read descriptor from node connection: 시스템에 부착된 장치가 작동하지 않습니다. (0x1F)
2월 21, 2021 24:12:02.75 [12020:3408:0221/001202.755:ERROR:device_event_log_impl.cc(211)] [00:12:02.757] USB: usb_device_handle_win.cc:1049 Failed to read descriptor from node connection: 시스템에 부착된 장치가 작동하지 않습니다. (0x1F)
2월 21, 2021 24:12:21.42 [10824:10732:0221/001221.424:ERROR:device_event_log_impl.cc(211)] [00:12:21.417] USB: usb_device_handle_win.cc:1049 Failed to read descriptor from node connection: 시스템에 부착된 장치가 작동하지 않습니다. (0x1F)
2월 21, 2021 24:24:19.00 [2888:10216:0221/002419.000:ERROR:device_event_log_impl.cc(211)] [00:24:18.986] USB: usb_device_handle_win.cc:1049 Failed to read descriptor from node connection: 시스템에 부착된 장치가 작동하지 않습니다. (0x1F)
2월 21, 2021 01:01:26.46 [8148:10680:0221/010126.464:ERROR:device_event_log_impl.cc(211)] [01:01:26.462] USB: usb_device_handle_win.cc:1049 Failed to read descriptor from node connection: 시스템에 부착된 장치가 작동하지 않습니다. (0x1F)

2월 21, 2021 16:57:32.94 NEW SESSION
2월 21, 2021 16:57:32.94 [9296:2944:0221/165732.942:ERROR:device_event_log_impl.cc(211)] [16:57:32.942] USB: usb_device_handle_win.cc:1049 Failed to read descriptor from node connection: 시스템에 부착된 장치가 작동하지 않습니다. (0x1F)
2월 21, 2021 17:00:18.25 [1620:5500:0221/170018.250:ERROR:device_event_log_impl.cc(211)] [17:00:18.249] USB: usb_device_handle_win.cc:1049 Failed to read descriptor from node connection: 시스템에 부착된 장치가 작동하지 않습니다. (0x1F)
2월 21, 2021 17:08:13.17 [5908:11548:0221/170813.175:ERROR:device_event_log_impl.cc(211)] [17:08:13.175] USB: usb_device_handle_win.cc:1049 Failed to read descriptor from node connection: 시스템에 부착된 장치가 작동하지 않습니다. (0x1F)
2월 21, 2021 17:12:07.27 [696:10620:0221/171207.273:ERROR:device_event_log_impl.cc(211)] [17:12:07.273] USB: usb_device_handle_win.cc:1049 Failed to read descriptor from node connection: 시스템에 부착된 장치가 작동하지 않습니다. (0x1F)
2월 21, 2021 20:10:12.33 [696:10620:0221/201012.334:ERROR:device_event_log_impl.cc(211)] [20:10:12.334] USB: usb_service_win.cc:258 Failed to get device driver name: 요소가 없습니다. (0x490)
2월 21, 2021 20:10:12.46 [696:10620:0221/201012.468:ERROR:usb_descriptors.cc(160)] Device descriptor parsing error.
2월 21, 2021 20:10:12.48 [696:10620:0221/201012.468:ERROR:device_event_log_impl.cc(211)] [20:10:12.468] USB: usb_device_win.cc:93 Failed to read descriptors from \\?\usb#vid_5986&pid_9102#6&1d63ab43&0&4#{a5dcbf10-6530-11d2-901f-00c04fb951ed}.
2월 21, 2021 20:10:12.49 [696:10620:0221/201012.498:ERROR:usb_descriptors.cc(160)] Device descriptor parsing error.
2월 21, 2021 20:10:12.49 [696:10620:0221/201012.498:ERROR:device_event_log_impl.cc(211)] [20:10:12.498] USB: usb_device_win.cc:93 Failed to read descriptors from \\?\usb#vid_8087&pid_0029#6&1d63ab43&0&3#{a5dcbf10-6530-11d2-901f-00c04fb951ed}.
2월 21, 2021 20:10:13.80 [696:10620:0221/201013.807:ERROR:device_event_log_impl.cc(211)] [20:10:13.806] USB: usb_service_win.cc:258 Failed to get device driver name: 요소가 없습니다. (0x490)
2월 21, 2021 20:42:16.34 [12092:10364:0221/204216.340:ERROR:device_event_log_impl.cc(211)] [20:42:16.339] USB: usb_device_handle_win.cc:1049 Failed to read descriptor from node connection: 시스템에 부착된 장치가 작동하지 않습니다. (0x1F)
2월 21, 2021 20:44:54.99 [11776:8836:0221/204454.993:ERROR:device_event_log_impl.cc(211)] [20:44:54.992] USB: usb_device_handle_win.cc:1049 Failed to read descriptor from node connection: 시스템에 부착된 장치가 작동하지 않습니다. (0x1F)
2월 21, 2021 20:58:35.89 [10976:11268:0221/205835.889:ERROR:device_event_log_impl.cc(211)] [20:58:35.889] USB: usb_device_handle_win.cc:1049 Failed to read descriptor from node connection: 시스템에 부착된 장치가 작동하지 않습니다. (0x1F)
2월 21, 2021 21:06:01.19 [8612:4936:0221/210601.197:ERROR:device_event_log_impl.cc(211)] [21:06:01.197] USB: usb_device_handle_win.cc:1049 Failed to read descriptor from node connection: 시스템에 부착된 장치가 작동하지 않습니다. (0x1F)
2월 21, 2021 21:21:12.56 [4180:9852:0221/212112.563:ERROR:device_event_log_impl.cc(211)] [21:21:12.563] USB: usb_device_handle_win.cc:1049 Failed to read descriptor from node connection: 시스템에 부착된 장치가 작동하지 않습니다. (0x1F)
2월 21, 2021 21:45:52.68 [8924:6488:0221/214552.680:ERROR:device_event_log_impl.cc(211)] [21:45:52.680] USB: usb_device_handle_win.cc:1049 Failed to read descriptor from node connection: 시스템에 부착된 장치가 작동하지 않습니다. (0x1F)
2월 21, 2021 21:48:53.75 [5064:10472:0221/214853.751:ERROR:device_event_log_impl.cc(211)] [21:48:53.751] USB: usb_device_handle_win.cc:1049 Failed to read descriptor from node connection: 시스템에 부착된 장치가 작동하지 않습니다. (0x1F)
2월 21, 2021 21:52:40.77 [7032:3404:0221/215240.770:ERROR:device_event_log_impl.cc(211)] [21:52:40.770] USB: usb_device_handle_win.cc:1049 Failed to read descriptor from node connection: 시스템에 부착된 장치가 작동하지 않습니다. (0x1F)
2월 21, 2021 21:54:34.99 [5408:3832:0221/215434.997:ERROR:device_event_log_impl.cc(211)] [21:54:34.997] USB: usb_device_handle_win.cc:1049 Failed to read descriptor from node connection: 시스템에 부착된 장치가 작동하지 않습니다. (0x1F)

2월 21, 2021 22:35:24.00 NEW SESSION
2월 21, 2021 22:35:24.00 [10308:9852:0221/223523.999:ERROR:device_event_log_impl.cc(211)] [22:35:23.998] USB: usb_device_handle_win.cc:1049 Failed to read descriptor from node connection: 시스템에 부착된 장치가 작동하지 않습니다. (0x1F)
2월 21, 2021 22:36:42.89 [7996:9364:0221/223642.897:ERROR:device_event_log_impl.cc(211)] [22:36:42.897] USB: usb_device_handle_win.cc:1049 Failed to read descriptor from node connection: 시스템에 부착된 장치가 작동하지 않습니다. (0x1F)
2월 21, 2021 22:57:37.43 [10944:3056:0221/225737.435:ERROR:device_event_log_impl.cc(211)] [22:57:37.435] USB: usb_device_handle_win.cc:1049 Failed to read descriptor from node connection: 시스템에 부착된 장치가 작동하지 않습니다. (0x1F)
2월 21, 2021 23:00:40.88 [7908:7048:0221/230040.883:ERROR:device_event_log_impl.cc(211)] [23:00:40.882] USB: usb_device_handle_win.cc:1049 Failed to read descriptor from node connection: 시스템에 부착된 장치가 작동하지 않습니다. (0x1F)
2월 21, 2021 23:42:52.72 [4152:8916:0221/234252.720:ERROR:device_event_log_impl.cc(211)] [23:42:52.714] USB: usb_device_handle_win.cc:1049 Failed to read descriptor from node connection: 시스템에 부착된 장치가 작동하지 않습니다. (0x1F)
2월 22, 2021 24:19:09.64 [5728:12016:0222/001909.642:ERROR:device_event_log_impl.cc(211)] [00:19:09.637] USB: usb_device_handle_win.cc:1049 Failed to read descriptor from node connection: 시스템에 부착된 장치가 작동하지 않습니다. (0x1F)

2월 22, 2021 20:35:20.28 NEW SESSION
2월 22, 2021 20:35:20.28 [7140:7100:0222/203520.284:ERROR:device_event_log_impl.cc(211)] [20:35:20.284] USB: usb_device_handle_win.cc:1049 Failed to read descriptor from node connection: 시스템에 부착된 장치가 작동하지 않습니다. (0x1F)
2월 22, 2021 22:11:52.15 [7140:7100:0222/221152.151:ERROR:usb_descriptors.cc(160)] Device descriptor parsing error.
2월 22, 2021 22:11:52.15 [7140:7100:0222/221152.151:ERROR:device_event_log_impl.cc(211)] [22:11:52.151] USB: usb_device_win.cc:93 Failed to read descriptors from \\?\usb#vid_5986&pid_9102#6&1d63ab43&0&4#{a5dcbf10-6530-11d2-901f-00c04fb951ed}.
2월 22, 2021 22:11:52.15 [7140:7100:0222/221152.151:ERROR:usb_descriptors.cc(160)] Device descriptor parsing error.
2월 22, 2021 22:11:52.15 [7140:7100:0222/221152.151:ERROR:device_event_log_impl.cc(211)] [22:11:52.151] USB: usb_device_win.cc:93 Failed to read descriptors from \\?\usb#vid_8087&pid_0029#6&1d63ab43&0&3#{a5dcbf10-6530-11d2-901f-00c04fb951ed}.
2월 22, 2021 22:11:52.15 [7140:7100:0222/221152.151:ERROR:device_event_log_impl.cc(211)] [22:11:52.151] USB: usb_service_win.cc:258 Failed to get device driver name: 요소가 없습니다. (0x490)
2월 22, 2021 22:11:53.61 [7140:7100:0222/221153.610:ERROR:device_event_log_impl.cc(211)] [22:11:53.610] USB: usb_service_win.cc:258 Failed to get device driver name: 요소가 없습니다. (0x490)
2월 22, 2021 22:16:16.79 [8392:11004:0222/221616.799:ERROR:device_event_log_impl.cc(211)] [22:16:16.799] USB: usb_device_handle_win.cc:1049 Failed to read descriptor from node connection: 시스템에 부착된 장치가 작동하지 않습니다. (0x1F)
2월 22, 2021 22:41:23.05 [4752:11284:0222/224123.051:ERROR:device_event_log_impl.cc(211)] [22:41:23.052] USB: usb_device_handle_win.cc:1049 Failed to read descriptor from node connection: 시스템에 부착된 장치가 작동하지 않습니다. (0x1F)
2월 23, 2021 01:59:29.76 [2080:2008:0223/015929.764:ERROR:device_event_log_impl.cc(211)] [01:59:29.764] USB: usb_device_handle_win.cc:1049 Failed to read descriptor from node connection: 시스템에 부착된 장치가 작동하지 않습니다. (0x1F)

2월 24, 2021 22:28:00.57 NEW SESSION
2월 24, 2021 22:28:00.57 [5416:12176:0224/222800.576:ERROR:device_event_log_impl.cc(211)] [22:28:00.576] USB: usb_device_handle_win.cc:1049 Failed to read descriptor from node connection: 시스템에 부착된 장치가 작동하지 않습니다. (0x1F)
2월 24, 2021 22:34:30.15 [7256:848:0224/223430.150:ERROR:device_event_log_impl.cc(211)] [22:34:30.150] USB: usb_device_handle_win.cc:1049 Failed to read descriptor from node connection: 시스템에 부착된 장치가 작동하지 않습니다. (0x1F)

2월 25, 2021 15:28:44.89 NEW SESSION
2월 25, 2021 15:28:44.89 [8944:2384:0225/152844.882:ERROR:device_event_log_impl.cc(211)] [15:28:44.872] USB: usb_device_handle_win.cc:1049 Failed to read descriptor from node connection: 시스템에 부착된 장치가 작동하지 않습니다. (0x1F)
2월 25, 2021 15:30:36.84 [11668:12176:0225/153036.845:ERROR:device_event_log_impl.cc(211)] [15:30:36.844] USB: usb_device_handle_win.cc:1049 Failed to read descriptor from node connection: 시스템에 부착된 장치가 작동하지 않습니다. (0x1F)
2월 25, 2021 15:32:12.57 [8924:9472:0225/153212.570:ERROR:device_event_log_impl.cc(211)] [15:32:12.576] USB: usb_device_handle_win.cc:1049 Failed to read descriptor from node connection: 시스템에 부착된 장치가 작동하지 않습니다. (0x1F)
2월 25, 2021 15:32:12.57 [8924:9472:0225/153212.570:ERROR:device_event_log_impl.cc(211)] [15:32:12.577] USB: usb_device_handle_win.cc:1049 Failed to read descriptor from node connection: 시스템에 부착된 장치가 작동하지 않습니다. (0x1F)
2월 25, 2021 15:33:59.18 [13072:10488:0225/153359.184:ERROR:device_event_log_impl.cc(211)] [15:33:59.175] USB: usb_device_handle_win.cc:1049 Failed to read descriptor from node connection: 시스템에 부착된 장치가 작동하지 않습니다. (0x1F)
2월 25, 2021 15:35:47.81 [6564:11888:0225/153547.810:ERROR:device_event_log_impl.cc(211)] [15:35:47.810] USB: usb_device_handle_win.cc:1049 Failed to read descriptor from node connection: 시스템에 부착된 장치가 작동하지 않습니다. (0x1F)

2월 25, 2021 23:08:43.32 NEW SESSION
2월 25, 2021 23:08:43.32 [3860:7632:0225/230843.321:ERROR:device_event_log_impl.cc(211)] [23:08:43.321] USB: usb_device_handle_win.cc:1049 Failed to read descriptor from node connection: 시스템에 부착된 장치가 작동하지 않습니다. (0x1F)
2월 25, 2021 23:19:03.06 [12628:13212:0225/231903.063:ERROR:device_event_log_impl.cc(211)] [23:19:03.062] USB: usb_device_handle_win.cc:1049 Failed to read descriptor from node connection: 시스템에 부착된 장치가 작동하지 않습니다. (0x1F)
2월 25, 2021 23:39:37.99 [3928:6312:0225/233937.993:ERROR:device_event_log_impl.cc(211)] [23:39:37.987] USB: usb_device_handle_win.cc:1049 Failed to read descriptor from node connection: 시스템에 부착된 장치가 작동하지 않습니다. (0x1F)
2월 25, 2021 23:40:00.70 [11632:11660:0225/234000.701:ERROR:device_event_log_impl.cc(211)] [23:40:00.714] USB: usb_device_handle_win.cc:1049 Failed to read descriptor from node connection: 시스템에 부착된 장치가 작동하지 않습니다. (0x1F)
2월 25, 2021 23:43:46.78 [3012:11308:0225/234346.780:ERROR:device_event_log_impl.cc(211)] [23:43:46.793] USB: usb_device_handle_win.cc:1049 Failed to read descriptor from node connection: 시스템에 부착된 장치가 작동하지 않습니다. (0x1F)
2월 25, 2021 23:47:35.15 [11836:6336:0225/234735.157:ERROR:device_event_log_impl.cc(211)] [23:47:35.161] USB: usb_device_handle_win.cc:1049 Failed to read descriptor from node connection: 시스템에 부착된 장치가 작동하지 않습니다. (0x1F)
2월 25, 2021 23:56:26.04 [10720:6528:0225/235626.048:ERROR:device_event_log_impl.cc(211)] [23:56:26.060] USB: usb_device_handle_win.cc:1049 Failed to read descriptor from node connection: 시스템에 부착된 장치가 작동하지 않습니다. (0x1F)
2월 26, 2021 24:02:37.41 [2308:3116:0226/000237.418:ERROR:device_event_log_impl.cc(211)] [00:02:37.421] USB: usb_device_handle_win.cc:1049 Failed to read descriptor from node connection: 시스템에 부착된 장치가 작동하지 않습니다. (0x1F)

2월 27, 2021 19:13:29.15 NEW SESSION
2월 27, 2021 19:13:29.15 [5780:8648:0227/191329.150:ERROR:device_event_log_impl.cc(211)] [19:13:29.150] USB: usb_device_handle_win.cc:1049 Failed to read descriptor from node connection: 시스템에 부착된 장치가 작동하지 않습니다. (0x1F)
2월 27, 2021 20:54:15.53 [5780:8648:0227/205415.538:ERROR:device_event_log_impl.cc(211)] [20:54:15.538] USB: usb_service_win.cc:258 Failed to get device driver name: 요소가 없습니다. (0x490)
2월 27, 2021 20:54:15.53 [5780:8648:0227/205415.539:ERROR:usb_descriptors.cc(160)] Device descriptor parsing error.
2월 27, 2021 20:54:15.54 [5780:8648:0227/205415.539:ERROR:device_event_log_impl.cc(211)] [20:54:15.539] USB: usb_device_win.cc:93 Failed to read descriptors from \\?\usb#vid_5986&pid_9102#6&1d63ab43&0&4#{a5dcbf10-6530-11d2-901f-00c04fb951ed}.
2월 27, 2021 20:54:15.54 [5780:8648:0227/205415.539:ERROR:usb_descriptors.cc(160)] Device descriptor parsing error.
2월 27, 2021 20:54:15.54 [5780:8648:0227/205415.539:ERROR:device_event_log_impl.cc(211)] [20:54:15.540] USB: usb_device_win.cc:93 Failed to read descriptors from \\?\usb#vid_8087&pid_0029#6&1d63ab43&0&3#{a5dcbf10-6530-11d2-901f-00c04fb951ed}.
2월 27, 2021 20:54:17.03 [5780:8648:0227/205417.036:ERROR:device_event_log_impl.cc(211)] [20:54:17.036] USB: usb_service_win.cc:258 Failed to get device driver name: 요소가 없습니다. (0x490)
2월 27, 2021 21:04:42.87 [7932:5596:0227/210442.870:ERROR:device_event_log_impl.cc(211)] [21:04:42.870] USB: usb_device_handle_win.cc:1049 Failed to read descriptor from node connection: 시스템에 부착된 장치가 작동하지 않습니다. (0x1F)
2월 27, 2021 22:46:33.96 [3644:7280:0227/224633.947:ERROR:device_event_log_impl.cc(211)] [22:46:33.948] USB: usb_device_handle_win.cc:1049 Failed to read descriptor from node connection: 시스템에 부착된 장치가 작동하지 않습니다. (0x1F)

2월 28, 2021 22:22:23.16 NEW SESSION
2월 28, 2021 22:22:23.16 [3000:6004:0228/222223.169:ERROR:device_event_log_impl.cc(211)] [22:22:23.174] USB: usb_device_handle_win.cc:1049 Failed to read descriptor from node connection: 시스템에 부착된 장치가 작동하지 않습니다. (0x1F)

3월 01, 2021 24:56:45.66 NEW SESSION
3월 01, 2021 24:56:45.67 [4920:8828:0301/005645.668:ERROR:device_event_log_impl.cc(211)] [00:56:45.668] USB: usb_device_handle_win.cc:1049 Failed to read descriptor from node connection: 시스템에 부착된 장치가 작동하지 않습니다. (0x1F)
3월 01, 2021 01:11:05.18 [1940:652:0301/011105.189:ERROR:device_event_log_impl.cc(211)] [01:11:05.189] USB: usb_device_handle_win.cc:1049 Failed to read descriptor from node connection: 시스템에 부착된 장치가 작동하지 않습니다. (0x1F)
3월 01, 2021 01:12:59.63 [2096:9448:0301/011259.630:ERROR:device_event_log_impl.cc(211)] [01:12:59.631] USB: usb_device_handle_win.cc:1049 Failed to read descriptor from node connection: 시스템에 부착된 장치가 작동하지 않습니다. (0x1F)
3월 01, 2021 01:13:47.64 [2500:640:0301/011347.642:ERROR:device_event_log_impl.cc(211)] [01:13:47.642] USB: usb_device_handle_win.cc:1049 Failed to read descriptor from node connection: 시스템에 부착된 장치가 작동하지 않습니다. (0x1F)
3월 01, 2021 01:14:23.64 [7020:9912:0301/011423.640:ERROR:device_event_log_impl.cc(211)] [01:14:23.641] USB: usb_device_handle_win.cc:1049 Failed to read descriptor from node connection: 시스템에 부착된 장치가 작동하지 않습니다. (0x1F)
3월 01, 2021 01:18:54.91 [9692:6232:0301/011854.918:ERROR:device_event_log_impl.cc(211)] [01:18:54.918] USB: usb_device_handle_win.cc:1049 Failed to read descriptor from node connection: 시스템에 부착된 장치가 작동하지 않습니다. (0x1F)
3월 01, 2021 02:13:22.54 [7576:7668:0301/021322.540:ERROR:device_event_log_impl.cc(211)] [02:13:22.539] USB: usb_device_handle_win.cc:1049 Failed to read descriptor from node connection: 시스템에 부착된 장치가 작동하지 않습니다. (0x1F)
3월 01, 2021 02:15:27.19 [1108:6152:0301/021527.196:ERROR:device_event_log_impl.cc(211)] [02:15:27.188] USB: usb_device_handle_win.cc:1049 Failed to read descriptor from node connection: 시스템에 부착된 장치가 작동하지 않습니다. (0x1F)

3월 01, 2021 21:38:27.35 NEW SESSION
3월 01, 2021 21:38:27.35 [7072:9688:0301/213827.359:ERROR:device_event_log_impl.cc(211)] [21:38:27.348] USB: usb_device_handle_win.cc:1049 Failed to read descriptor from node connection: 시스템에 부착된 장치가 작동하지 않습니다. (0x1F)
3월 01, 2021 21:45:52.84 [3488:5096:0301/214552.846:ERROR:device_event_log_impl.cc(211)] [21:45:52.855] USB: usb_device_handle_win.cc:1049 Failed to read descriptor from node connection: 시스템에 부착된 장치가 작동하지 않습니다. (0x1F)
3월 01, 2021 21:55:56.26 [8816:10200:0301/215556.268:ERROR:device_event_log_impl.cc(211)] [21:55:56.268] USB: usb_device_handle_win.cc:1049 Failed to read descriptor from node connection: 시스템에 부착된 장치가 작동하지 않습니다. (0x1F)

3월 02, 2021 21:28:03.55 NEW SESSION
3월 02, 2021 21:28:03.55 [7896:8384:0302/212803.553:ERROR:device_event_log_impl.cc(211)] [21:28:03.552] USB: usb_device_handle_win.cc:1049 Failed to read descriptor from node connection: 시스템에 부착된 장치가 작동하지 않습니다. (0x1F)
3월 02, 2021 21:28:03.55 [7896:8384:0302/212803.554:ERROR:device_event_log_impl.cc(211)] [21:28:03.553] USB: usb_device_handle_win.cc:1049 Failed to read descriptor from node connection: 시스템에 부착된 장치가 작동하지 않습니다. (0x1F)
3월 02, 2021 21:31:41.69 [5696:6852:0302/213141.691:ERROR:device_event_log_impl.cc(211)] [21:31:41.691] USB: usb_device_handle_win.cc:1049 Failed to read descriptor from node connection: 시스템에 부착된 장치가 작동하지 않습니다. (0x1F)
3월 02, 2021 21:31:41.69 [5696:6852:0302/213141.692:ERROR:device_event_log_impl.cc(211)] [21:31:41.693] USB: usb_device_handle_win.cc:1049 Failed to read descriptor from node connection: 시스템에 부착된 장치가 작동하지 않습니다. (0x1F)
3월 02, 2021 22:02:21.32 [4856:9464:0302/220221.321:ERROR:device_event_log_impl.cc(211)] [22:02:21.321] USB: usb_device_handle_win.cc:1049 Failed to read descriptor from node connection: 시스템에 부착된 장치가 작동하지 않습니다. (0x1F)
3월 02, 2021 22:02:21.32 [4856:9464:0302/220221.323:ERROR:device_event_log_impl.cc(211)] [22:02:21.323] USB: usb_device_handle_win.cc:1049 Failed to read descriptor from node connection: 시스템에 부착된 장치가 작동하지 않습니다. (0x1F)
3월 03, 2021 24:32:57.23 [4184:5324:0303/003257.237:ERROR:device_event_log_impl.cc(211)] [00:32:57.237] USB: usb_device_handle_win.cc:1049 Failed to read descriptor from node connection: 시스템에 부착된 장치가 작동하지 않습니다. (0x1F)
3월 03, 2021 24:32:57.23 [4184:5324:0303/003257.238:ERROR:device_event_log_impl.cc(211)] [00:32:57.238] USB: usb_device_handle_win.cc:1049 Failed to read descriptor from node connection: 시스템에 부착된 장치가 작동하지 않습니다. (0x1F)

3월 03, 2021 18:04:01.84 NEW SESSION
3월 03, 2021 18:04:01.84 [4268:4708:0303/180401.845:ERROR:device_event_log_impl.cc(211)] [18:04:01.844] USB: usb_device_handle_win.cc:1049 Failed to read descriptor from node connection: 시스템에 부착된 장치가 작동하지 않습니다. (0x1F)

3월 04, 2021 19:47:43.37 NEW SESSION
3월 04, 2021 19:47:43.37 [1076:4040:0304/194743.374:ERROR:device_event_log_impl.cc(214)] [19:47:43.374] USB: usb_device_handle_win.cc:1056 Failed to read descriptor from node connection: 시스템에 부착된 장치가 작동하지 않습니다. (0x1F)
3월 04, 2021 19:48:40.47 [4988:2328:0304/194840.474:ERROR:device_event_log_impl.cc(214)] [19:48:40.474] USB: usb_device_handle_win.cc:1056 Failed to read descriptor from node connection: 시스템에 부착된 장치가 작동하지 않습니다. (0x1F)
3월 04, 2021 19:52:24.17 [6556:8444:0304/195224.172:ERROR:device_event_log_impl.cc(214)] [19:52:24.172] USB: usb_device_handle_win.cc:1056 Failed to read descriptor from node connection: 시스템에 부착된 장치가 작동하지 않습니다. (0x1F)
3월 04, 2021 19:54:39.02 [9168:7588:0304/195439.021:ERROR:device_event_log_impl.cc(214)] [19:54:39.021] USB: usb_device_handle_win.cc:1056 Failed to read descriptor from node connection: 시스템에 부착된 장치가 작동하지 않습니다. (0x1F)
3월 04, 2021 19:55:52.48 [6172:6804:0304/195552.488:ERROR:device_event_log_impl.cc(214)] [19:55:52.488] USB: usb_device_handle_win.cc:1056 Failed to read descriptor from node connection: 시스템에 부착된 장치가 작동하지 않습니다. (0x1F)
3월 04, 2021 20:00:04.77 [9020:9744:0304/200004.774:ERROR:device_event_log_impl.cc(214)] [20:00:04.774] USB: usb_device_handle_win.cc:1056 Failed to read descriptor from node connection: 시스템에 부착된 장치가 작동하지 않습니다. (0x1F)
3월 04, 2021 20:04:28.14 [10012:784:0304/200428.144:ERROR:device_event_log_impl.cc(214)] [20:04:28.144] USB: usb_device_handle_win.cc:1056 Failed to read descriptor from node connection: 시스템에 부착된 장치가 작동하지 않습니다. (0x1F)
3월 04, 2021 20:15:08.12 [8612:6732:0304/201508.125:ERROR:device_event_log_impl.cc(214)] [20:15:08.125] USB: usb_device_handle_win.cc:1056 Failed to read descriptor from node connection: 시스템에 부착된 장치가 작동하지 않습니다. (0x1F)
3월 04, 2021 20:24:28.39 [6364:1704:0304/202428.390:ERROR:device_event_log_impl.cc(214)] [20:24:28.390] USB: usb_device_handle_win.cc:1056 Failed to read descriptor from node connection: 시스템에 부착된 장치가 작동하지 않습니다. (0x1F)
3월 04, 2021 20:27:01.34 [1800:7848:0304/202701.345:ERROR:device_event_log_impl.cc(214)] [20:27:01.345] USB: usb_device_handle_win.cc:1056 Failed to read descriptor from node connection: 시스템에 부착된 장치가 작동하지 않습니다. (0x1F)
3월 04, 2021 20:38:19.65 [7632:2704:0304/203819.658:ERROR:device_event_log_impl.cc(214)] [20:38:19.658] USB: usb_device_handle_win.cc:1056 Failed to read descriptor from node connection: 시스템에 부착된 장치가 작동하지 않습니다. (0x1F)
3월 04, 2021 22:55:00.64 [1212:8224:0304/225500.640:ERROR:device_event_log_impl.cc(214)] [22:55:00.644] USB: usb_device_handle_win.cc:1056 Failed to read descriptor from node connection: 시스템에 부착된 장치가 작동하지 않습니다. (0x1F)
3월 04, 2021 22:56:41.57 [6196:9016:0304/225641.577:ERROR:device_event_log_impl.cc(214)] [22:56:41.581] USB: usb_device_handle_win.cc:1056 Failed to read descriptor from node connection: 시스템에 부착된 장치가 작동하지 않습니다. (0x1F)
3월 04, 2021 22:58:43.18 [3668:1868:0304/225843.189:ERROR:device_event_log_impl.cc(214)] [22:58:43.189] USB: usb_device_handle_win.cc:1056 Failed to read descriptor from node connection: 시스템에 부착된 장치가 작동하지 않습니다. (0x1F)
3월 04, 2021 23:00:32.93 [1560:2572:0304/230032.932:ERROR:device_event_log_impl.cc(214)] [23:00:32.932] USB: usb_device_handle_win.cc:1056 Failed to read descriptor from node connection: 시스템에 부착된 장치가 작동하지 않습니다. (0x1F)
3월 04, 2021 23:01:03.91 [7760:504:0304/230103.914:ERROR:device_event_log_impl.cc(214)] [23:01:03.916] USB: usb_device_handle_win.cc:1056 Failed to read descriptor from node connection: 시스템에 부착된 장치가 작동하지 않습니다. (0x1F)

3월 06, 2021 14:55:53.57 NEW SESSION
3월 06, 2021 14:55:53.57 [5780:1228:0306/145553.561:ERROR:device_event_log_impl.cc(214)] [14:55:53.562] USB: usb_device_handle_win.cc:1056 Failed to read descriptor from node connection: 시스템에 부착된 장치가 작동하지 않습니다. (0x1F)

3월 07, 2021 23:21:42.58 NEW SESSION
3월 07, 2021 23:21:42.58 [8732:6052:0307/232142.579:ERROR:device_event_log_impl.cc(214)] [23:21:42.578] USB: usb_device_handle_win.cc:1056 Failed to read descriptor from node connection: 시스템에 부착된 장치가 작동하지 않습니다. (0x1F)
3월 07, 2021 23:27:58.97 [2392:9564:0307/232758.979:ERROR:device_event_log_impl.cc(214)] [23:27:58.979] USB: usb_device_handle_win.cc:1056 Failed to read descriptor from node connection: 시스템에 부착된 장치가 작동하지 않습니다. (0x1F)
3월 07, 2021 23:32:06.80 [12056:9816:0307/233206.804:ERROR:device_event_log_impl.cc(214)] [23:32:06.804] USB: usb_device_handle_win.cc:1056 Failed to read descriptor from node connection: 시스템에 부착된 장치가 작동하지 않습니다. (0x1F)

3월 08, 2021 19:24:48.26 NEW SESSION
3월 08, 2021 19:24:48.26 [7536:7668:0308/192448.264:ERROR:device_event_log_impl.cc(214)] [19:24:48.252] USB: usb_device_handle_win.cc:1056 Failed to read descriptor from node connection: 시스템에 부착된 장치가 작동하지 않습니다. (0x1F)
3월 08, 2021 19:25:56.98 [6512:12196:0308/192556.985:ERROR:device_event_log_impl.cc(214)] [19:25:56.981] USB: usb_device_handle_win.cc:1056 Failed to read descriptor from node connection: 시스템에 부착된 장치가 작동하지 않습니다. (0x1F)
3월 08, 2021 19:28:13.83 [9080:12080:0308/192813.839:ERROR:device_event_log_impl.cc(214)] [19:28:13.845] USB: usb_device_handle_win.cc:1056 Failed to read descriptor from node connection: 시스템에 부착된 장치가 작동하지 않습니다. (0x1F)
3월 08, 2021 19:29:07.59 [8944:7824:0308/192907.592:ERROR:device_event_log_impl.cc(214)] [19:29:07.585] USB: usb_device_handle_win.cc:1056 Failed to read descriptor from node connection: 시스템에 부착된 장치가 작동하지 않습니다. (0x1F)
3월 08, 2021 19:35:12.29 [3580:7376:0308/193512.290:ERROR:device_event_log_impl.cc(214)] [19:35:12.286] USB: usb_device_handle_win.cc:1056 Failed to read descriptor from node connection: 시스템에 부착된 장치가 작동하지 않습니다. (0x1F)
3월 08, 2021 19:38:33.80 [6920:1696:0308/193833.803:ERROR:device_event_log_impl.cc(214)] [19:38:33.799] USB: usb_device_handle_win.cc:1056 Failed to read descriptor from node connection: 시스템에 부착된 장치가 작동하지 않습니다. (0x1F)

3월 08, 2021 23:03:39.28 NEW SESSION
3월 08, 2021 23:03:39.28 [6572:2424:0308/230339.282:ERROR:device_event_log_impl.cc(214)] [23:03:39.281] USB: usb_device_handle_win.cc:1056 Failed to read descriptor from node connection: 시스템에 부착된 장치가 작동하지 않습니다. (0x1F)
3월 08, 2021 23:07:51.96 [4628:5376:0308/230751.966:ERROR:device_event_log_impl.cc(214)] [23:07:51.965] USB: usb_device_handle_win.cc:1056 Failed to read descriptor from node connection: 시스템에 부착된 장치가 작동하지 않습니다. (0x1F)
3월 08, 2021 23:13:10.87 [9000:5688:0308/231310.876:ERROR:device_event_log_impl.cc(214)] [23:13:10.877] USB: usb_device_handle_win.cc:1056 Failed to read descriptor from node connection: 시스템에 부착된 장치가 작동하지 않습니다. (0x1F)
3월 08, 2021 23:19:09.22 [3336:8948:0308/231909.226:ERROR:device_event_log_impl.cc(214)] [23:19:09.226] USB: usb_device_handle_win.cc:1056 Failed to read descriptor from node connection: 시스템에 부착된 장치가 작동하지 않습니다. (0x1F)
3월 08, 2021 23:22:59.10 [1236:7408:0308/232259.105:ERROR:device_event_log_impl.cc(214)] [23:22:59.106] USB: usb_device_handle_win.cc:1056 Failed to read descriptor from node connection: 시스템에 부착된 장치가 작동하지 않습니다. (0x1F)
3월 08, 2021 23:41:39.43 [11088:3288:0308/234139.439:ERROR:device_event_log_impl.cc(214)] [23:41:39.436] USB: usb_device_handle_win.cc:1056 Failed to read descriptor from node connection: 시스템에 부착된 장치가 작동하지 않습니다. (0x1F)
3월 08, 2021 23:48:24.86 [9984:3764:0308/234824.861:ERROR:device_event_log_impl.cc(214)] [23:48:24.856] USB: usb_device_handle_win.cc:1056 Failed to read descriptor from node connection: 시스템에 부착된 장치가 작동하지 않습니다. (0x1F)

3월 09, 2021 22:56:52.68 NEW SESSION
3월 09, 2021 22:56:52.68 [7424:4244:0309/225652.687:ERROR:device_event_log_impl.cc(214)] [22:56:52.687] USB: usb_device_handle_win.cc:1056 Failed to read descriptor from node connection: 시스템에 부착된 장치가 작동하지 않습니다. (0x1F)

3월 10, 2021 23:30:42.56 NEW SESSION
3월 10, 2021 23:30:42.56 [2116:7548:0310/233042.559:ERROR:device_event_log_impl.cc(214)] [23:30:42.560] USB: usb_device_handle_win.cc:1056 Failed to read descriptor from node connection: 시스템에 부착된 장치가 작동하지 않습니다. (0x1F)
3월 10, 2021 23:34:32.59 [2116:7548:0310/233432.593:ERROR:page_load_metrics_update_dispatcher.cc(170)] Invalid first_paint 0.336 s for first_image_paint 0.324 s
3월 10, 2021 23:34:33.59 [2116:7548:0310/233433.593:ERROR:page_load_metrics_update_dispatcher.cc(170)] Invalid first_paint 0.336 s for first_image_paint 0.324 s
3월 10, 2021 23:34:34.59 [2116:7548:0310/233434.594:ERROR:page_load_metrics_update_dispatcher.cc(170)] Invalid first_paint 0.336 s for first_image_paint 0.324 s
3월 10, 2021 23:34:35.93 [2116:7548:0310/233435.931:ERROR:page_load_metrics_update_dispatcher.cc(170)] Invalid first_paint 0.336 s for first_image_paint 0.324 s
3월 10, 2021 23:34:39.40 [2116:7548:0310/233439.404:ERROR:page_load_metrics_update_dispatcher.cc(170)] Invalid first_paint 0.336 s for first_image_paint 0.324 s
3월 10, 2021 23:34:40.43 [2116:7548:0310/233440.437:ERROR:page_load_metrics_update_dispatcher.cc(170)] Invalid first_paint 0.336 s for first_image_paint 0.324 s
3월 10, 2021 23:34:45.48 [2116:7548:0310/233445.487:ERROR:page_load_metrics_update_dispatcher.cc(170)] Invalid first_paint 0.336 s for first_image_paint 0.324 s
3월 10, 2021 23:34:53.17 [2116:7548:0310/233453.170:ERROR:page_load_metrics_update_dispatcher.cc(170)] Invalid first_paint 0.336 s for first_image_paint 0.324 s
3월 10, 2021 23:35:09.48 [2116:7548:0310/233509.483:ERROR:page_load_metrics_update_dispatcher.cc(170)] Invalid first_paint 0.336 s for first_image_paint 0.324 s
3월 10, 2021 23:35:25.43 [2116:7548:0310/233525.432:ERROR:page_load_metrics_update_dispatcher.cc(170)] Invalid first_paint 0.336 s for first_image_paint 0.324 s
3월 10, 2021 23:35:37.29 [2116:7548:0310/233537.297:ERROR:page_load_metrics_update_dispatcher.cc(170)] Invalid first_paint 0.336 s for first_image_paint 0.324 s
3월 10, 2021 23:35:57.29 [2116:7548:0310/233557.293:ERROR:page_load_metrics_update_dispatcher.cc(170)] Invalid first_paint 0.336 s for first_image_paint 0.324 s
3월 10, 2021 23:36:23.99 [2116:7548:0310/233623.990:ERROR:page_load_metrics_update_dispatcher.cc(170)] Invalid first_paint 0.336 s for first_image_paint 0.324 s
3월 10, 2021 23:36:27.87 [2116:7548:0310/233627.873:ERROR:page_load_metrics_update_dispatcher.cc(170)] Invalid first_paint 0.336 s for first_image_paint 0.324 s
3월 10, 2021 23:36:42.87 [2116:7548:0310/233642.870:ERROR:page_load_metrics_update_dispatcher.cc(170)] Invalid first_paint 0.336 s for first_image_paint 0.324 s
3월 10, 2021 23:36:52.87 [2116:7548:0310/233652.873:ERROR:page_load_metrics_update_dispatcher.cc(170)] Invalid first_paint 0.336 s for first_image_paint 0.324 s
3월 10, 2021 23:37:01.34 [2116:7548:0310/233701.340:ERROR:page_load_metrics_update_dispatcher.cc(170)] Invalid first_paint 0.336 s for first_image_paint 0.324 s
3월 10, 2021 23:37:13.58 [2116:7548:0310/233713.583:ERROR:page_load_metrics_update_dispatcher.cc(170)] Invalid first_paint 0.336 s for first_image_paint 0.324 s
3월 10, 2021 23:37:42.63 [2116:7548:0310/233742.630:ERROR:page_load_metrics_update_dispatcher.cc(170)] Invalid first_paint 0.336 s for first_image_paint 0.324 s
3월 10, 2021 23:38:12.33 [2116:7548:0310/233812.331:ERROR:page_load_metrics_update_dispatcher.cc(170)] Invalid first_paint 0.336 s for first_image_paint 0.324 s
3월 10, 2021 23:38:40.33 [2116:7548:0310/233840.338:ERROR:page_load_metrics_update_dispatcher.cc(170)] Invalid first_paint 0.336 s for first_image_paint 0.324 s
3월 10, 2021 23:39:08.37 [2116:7548:0310/233908.376:ERROR:page_load_metrics_update_dispatcher.cc(170)] Invalid first_paint 0.336 s for first_image_paint 0.324 s
3월 10, 2021 23:39:37.21 [2116:7548:0310/233937.214:ERROR:page_load_metrics_update_dispatcher.cc(170)] Invalid first_paint 0.336 s for first_image_paint 0.324 s
3월 10, 2021 23:40:07.22 [2116:7548:0310/234007.227:ERROR:page_load_metrics_update_dispatcher.cc(170)] Invalid first_paint 0.336 s for first_image_paint 0.324 s
3월 10, 2021 23:40:36.44 [2116:7548:0310/234036.440:ERROR:page_load_metrics_update_dispatcher.cc(170)] Invalid first_paint 0.336 s for first_image_paint 0.324 s
3월 10, 2021 23:41:05.43 [2116:7548:0310/234105.435:ERROR:page_load_metrics_update_dispatcher.cc(170)] Invalid first_paint 0.336 s for first_image_paint 0.324 s
3월 10, 2021 23:41:33.71 [2116:7548:0310/234133.716:ERROR:page_load_metrics_update_dispatcher.cc(170)] Invalid first_paint 0.336 s for first_image_paint 0.324 s
3월 10, 2021 23:42:03.06 [2116:7548:0310/234203.062:ERROR:page_load_metrics_update_dispatcher.cc(170)] Invalid first_paint 0.336 s for first_image_paint 0.324 s
3월 10, 2021 23:42:32.32 [2116:7548:0310/234232.324:ERROR:page_load_metrics_update_dispatcher.cc(170)] Invalid first_paint 0.336 s for first_image_paint 0.324 s
3월 10, 2021 23:43:00.60 [2116:7548:0310/234300.603:ERROR:page_load_metrics_update_dispatcher.cc(170)] Invalid first_paint 0.336 s for first_image_paint 0.324 s
3월 10, 2021 23:43:27.76 [2116:7548:0310/234327.768:ERROR:page_load_metrics_update_dispatcher.cc(170)] Invalid first_paint 0.336 s for first_image_paint 0.324 s
3월 10, 2021 23:43:29.83 [2116:7548:0310/234329.834:ERROR:page_load_metrics_update_dispatcher.cc(170)] Invalid first_paint 0.336 s for first_image_paint 0.324 s
3월 10, 2021 23:43:43.38 [2116:7548:0310/234343.383:ERROR:page_load_metrics_update_dispatcher.cc(170)] Invalid first_paint 0.336 s for first_image_paint 0.324 s
3월 10, 2021 23:43:46.07 [2116:7548:0310/234346.074:ERROR:page_load_metrics_update_dispatcher.cc(170)] Invalid first_paint 0.336 s for first_image_paint 0.324 s
3월 10, 2021 23:44:04.86 [2116:7548:0310/234404.862:ERROR:page_load_metrics_update_dispatcher.cc(170)] Invalid first_paint 0.336 s for first_image_paint 0.324 s
3월 10, 2021 23:45:31.16 [2116:7548:0310/234531.166:ERROR:page_load_metrics_update_dispatcher.cc(170)] Invalid first_paint 0.336 s for first_image_paint 0.324 s
3월 10, 2021 23:53:17.44 [2116:7548:0310/235317.440:ERROR:page_load_metrics_update_dispatcher.cc(170)] Invalid first_paint 0.336 s for first_image_paint 0.324 s
3월 10, 2021 23:53:49.21 [2116:7548:0310/235349.218:ERROR:page_load_metrics_update_dispatcher.cc(170)] Invalid first_paint 0.336 s for first_image_paint 0.324 s
3월 10, 2021 23:54:21.61 [2116:7548:0310/235421.613:ERROR:page_load_metrics_update_dispatcher.cc(170)] Invalid first_paint 0.336 s for first_image_paint 0.324 s
3월 10, 2021 23:54:54.44 [2116:7548:0310/235454.443:ERROR:page_load_metrics_update_dispatcher.cc(170)] Invalid first_paint 0.336 s for first_image_paint 0.324 s
3월 10, 2021 23:55:23.77 [2116:7548:0310/235523.773:ERROR:page_load_metrics_update_dispatcher.cc(170)] Invalid first_paint 0.336 s for first_image_paint 0.324 s
3월 10, 2021 23:55:53.11 [2116:7548:0310/235553.118:ERROR:page_load_metrics_update_dispatcher.cc(170)] Invalid first_paint 0.336 s for first_image_paint 0.324 s
3월 10, 2021 23:56:25.24 [2116:7548:0310/235625.248:ERROR:page_load_metrics_update_dispatcher.cc(170)] Invalid first_paint 0.336 s for first_image_paint 0.324 s
3월 10, 2021 23:56:54.56 [2116:7548:0310/235654.561:ERROR:page_load_metrics_update_dispatcher.cc(170)] Invalid first_paint 0.336 s for first_image_paint 0.324 s
3월 10, 2021 23:57:24.80 [2116:7548:0310/235724.807:ERROR:page_load_metrics_update_dispatcher.cc(170)] Invalid first_paint 0.336 s for first_image_paint 0.324 s
3월 10, 2021 23:57:55.97 [2116:7548:0310/235755.969:ERROR:page_load_metrics_update_dispatcher.cc(170)] Invalid first_paint 0.336 s for first_image_paint 0.324 s
3월 10, 2021 23:58:24.86 [2116:7548:0310/235824.866:ERROR:page_load_metrics_update_dispatcher.cc(170)] Invalid first_paint 0.336 s for first_image_paint 0.324 s
3월 10, 2021 23:58:52.96 [2116:7548:0310/235852.962:ERROR:page_load_metrics_update_dispatcher.cc(170)] Invalid first_paint 0.336 s for first_image_paint 0.324 s
3월 10, 2021 23:59:22.44 [2116:7548:0310/235922.440:ERROR:page_load_metrics_update_dispatcher.cc(170)] Invalid first_paint 0.336 s for first_image_paint 0.324 s
3월 10, 2021 23:59:52.35 [2116:7548:0310/235952.354:ERROR:page_load_metrics_update_dispatcher.cc(170)] Invalid first_paint 0.336 s for first_image_paint 0.324 s
3월 11, 2021 24:00:21.31 [2116:7548:0311/000021.317:ERROR:page_load_metrics_update_dispatcher.cc(170)] Invalid first_paint 0.336 s for first_image_paint 0.324 s
3월 11, 2021 24:00:51.41 [2116:7548:0311/000051.414:ERROR:page_load_metrics_update_dispatcher.cc(170)] Invalid first_paint 0.336 s for first_image_paint 0.324 s
3월 11, 2021 24:01:21.37 [2116:7548:0311/000121.375:ERROR:page_load_metrics_update_dispatcher.cc(170)] Invalid first_paint 0.336 s for first_image_paint 0.324 s
3월 11, 2021 24:01:51.07 [2116:7548:0311/000151.072:ERROR:page_load_metrics_update_dispatcher.cc(170)] Invalid first_paint 0.336 s for first_image_paint 0.324 s
3월 11, 2021 24:01:56.04 [2116:7548:0311/000156.049:ERROR:page_load_metrics_update_dispatcher.cc(170)] Invalid first_paint 0.336 s for first_image_paint 0.324 s
3월 11, 2021 24:02:10.96 [2116:7548:0311/000210.968:ERROR:page_load_metrics_update_dispatcher.cc(170)] Invalid first_paint 0.336 s for first_image_paint 0.324 s
3월 11, 2021 24:02:30.41 [2116:7548:0311/000230.411:ERROR:page_load_metrics_update_dispatcher.cc(170)] Invalid first_paint 0.336 s for first_image_paint 0.324 s
3월 11, 2021 24:02:58.42 [2116:7548:0311/000258.429:ERROR:page_load_metrics_update_dispatcher.cc(170)] Invalid first_paint 0.336 s for first_image_paint 0.324 s
3월 11, 2021 24:03:26.69 [2116:7548:0311/000326.692:ERROR:page_load_metrics_update_dispatcher.cc(170)] Invalid first_paint 0.336 s for first_image_paint 0.324 s
3월 11, 2021 24:03:56.78 [2116:7548:0311/000356.788:ERROR:page_load_metrics_update_dispatcher.cc(170)] Invalid first_paint 0.336 s for first_image_paint 0.324 s
3월 11, 2021 24:04:25.58 [2116:7548:0311/000425.585:ERROR:page_load_metrics_update_dispatcher.cc(170)] Invalid first_paint 0.336 s for first_image_paint 0.324 s
3월 11, 2021 24:04:54.04 [2116:7548:0311/000454.048:ERROR:page_load_metrics_update_dispatcher.cc(170)] Invalid first_paint 0.336 s for first_image_paint 0.324 s
3월 11, 2021 24:05:23.84 [2116:7548:0311/000523.844:ERROR:page_load_metrics_update_dispatcher.cc(170)] Invalid first_paint 0.336 s for first_image_paint 0.324 s
3월 11, 2021 24:05:52.89 [2116:7548:0311/000552.891:ERROR:page_load_metrics_update_dispatcher.cc(170)] Invalid first_paint 0.336 s for first_image_paint 0.324 s
3월 11, 2021 24:06:22.35 [2116:7548:0311/000622.352:ERROR:page_load_metrics_update_dispatcher.cc(170)] Invalid first_paint 0.336 s for first_image_paint 0.324 s
3월 11, 2021 24:06:50.78 [2116:7548:0311/000650.788:ERROR:page_load_metrics_update_dispatcher.cc(170)] Invalid first_paint 0.336 s for first_image_paint 0.324 s
3월 11, 2021 24:07:23.48 [2116:7548:0311/000723.485:ERROR:page_load_metrics_update_dispatcher.cc(170)] Invalid first_paint 0.336 s for first_image_paint 0.324 s
3월 11, 2021 24:07:52.28 [2116:7548:0311/000752.281:ERROR:page_load_metrics_update_dispatcher.cc(170)] Invalid first_paint 0.336 s for first_image_paint 0.324 s
3월 11, 2021 24:08:21.49 [2116:7548:0311/000821.494:ERROR:page_load_metrics_update_dispatcher.cc(170)] Invalid first_paint 0.336 s for first_image_paint 0.324 s
3월 11, 2021 24:08:50.62 [2116:7548:0311/000850.624:ERROR:page_load_metrics_update_dispatcher.cc(170)] Invalid first_paint 0.336 s for first_image_paint 0.324 s
3월 11, 2021 24:09:20.32 [2116:7548:0311/000920.320:ERROR:page_load_metrics_update_dispatcher.cc(170)] Invalid first_paint 0.336 s for first_image_paint 0.324 s
3월 11, 2021 24:09:39.55 [2116:7548:0311/000939.559:ERROR:page_load_metrics_update_dispatcher.cc(170)] Invalid first_paint 0.336 s for first_image_paint 0.324 s
3월 11, 2021 24:09:41.90 [2116:7548:0311/000941.901:ERROR:page_load_metrics_update_dispatcher.cc(170)] Invalid first_paint 0.336 s for first_image_paint 0.324 s
3월 11, 2021 24:09:56.66 [2116:7548:0311/000956.665:ERROR:page_load_metrics_update_dispatcher.cc(170)] Invalid first_paint 0.336 s for first_image_paint 0.324 s
3월 11, 2021 24:10:25.17 [2116:7548:0311/001025.178:ERROR:page_load_metrics_update_dispatcher.cc(170)] Invalid first_paint 0.336 s for first_image_paint 0.324 s
3월 11, 2021 24:10:54.32 [2116:7548:0311/001054.325:ERROR:page_load_metrics_update_dispatcher.cc(170)] Invalid first_paint 0.336 s for first_image_paint 0.324 s
3월 11, 2021 24:11:12.41 [2116:7548:0311/001112.410:ERROR:page_load_metrics_update_dispatcher.cc(170)] Invalid first_paint 0.336 s for first_image_paint 0.324 s
3월 11, 2021 24:11:23.14 [2116:7548:0311/001123.146:ERROR:page_load_metrics_update_dispatcher.cc(170)] Invalid first_paint 0.336 s for first_image_paint 0.324 s
3월 11, 2021 24:11:42.00 [2116:7548:0311/001142.006:ERROR:page_load_metrics_update_dispatcher.cc(170)] Invalid first_paint 0.336 s for first_image_paint 0.324 s
3월 11, 2021 24:11:57.46 [2116:7548:0311/001157.467:ERROR:page_load_metrics_update_dispatcher.cc(170)] Invalid first_paint 0.336 s for first_image_paint 0.324 s
3월 11, 2021 24:12:15.16 [2116:7548:0311/001215.168:ERROR:page_load_metrics_update_dispatcher.cc(170)] Invalid first_paint 0.336 s for first_image_paint 0.324 s
3월 11, 2021 24:12:16.87 [2116:7548:0311/001216.879:ERROR:page_load_metrics_update_dispatcher.cc(170)] Invalid first_paint 0.336 s for first_image_paint 0.324 s
3월 11, 2021 24:12:48.22 [2116:7548:0311/001248.226:ERROR:page_load_metrics_update_dispatcher.cc(170)] Invalid first_paint 0.336 s for first_image_paint 0.324 s
3월 11, 2021 24:13:18.67 [2116:7548:0311/001318.672:ERROR:page_load_metrics_update_dispatcher.cc(170)] Invalid first_paint 0.336 s for first_image_paint 0.324 s
3월 11, 2021 24:13:48.18 [2116:7548:0311/001348.184:ERROR:page_load_metrics_update_dispatcher.cc(170)] Invalid first_paint 0.336 s for first_image_paint 0.324 s
3월 11, 2021 24:14:17.34 [2116:7548:0311/001417.348:ERROR:page_load_metrics_update_dispatcher.cc(170)] Invalid first_paint 0.336 s for first_image_paint 0.324 s
3월 11, 2021 24:14:47.37 [2116:7548:0311/001447.377:ERROR:page_load_metrics_update_dispatcher.cc(170)] Invalid first_paint 0.336 s for first_image_paint 0.324 s
3월 11, 2021 24:15:16.40 [2116:7548:0311/001516.406:ERROR:page_load_metrics_update_dispatcher.cc(170)] Invalid first_paint 0.336 s for first_image_paint 0.324 s
3월 11, 2021 24:15:45.19 [2116:7548:0311/001545.198:ERROR:page_load_metrics_update_dispatcher.cc(170)] Invalid first_paint 0.336 s for first_image_paint 0.324 s
3월 11, 2021 24:16:14.79 [2116:7548:0311/001614.798:ERROR:page_load_metrics_update_dispatcher.cc(170)] Invalid first_paint 0.336 s for first_image_paint 0.324 s
3월 11, 2021 24:16:44.62 [2116:7548:0311/001644.629:ERROR:page_load_metrics_update_dispatcher.cc(170)] Invalid first_paint 0.336 s for first_image_paint 0.324 s
3월 11, 2021 24:17:14.26 [2116:7548:0311/001714.260:ERROR:page_load_metrics_update_dispatcher.cc(170)] Invalid first_paint 0.336 s for first_image_paint 0.324 s
3월 11, 2021 24:17:43.07 [2116:7548:0311/001743.071:ERROR:page_load_metrics_update_dispatcher.cc(170)] Invalid first_paint 0.336 s for first_image_paint 0.324 s
3월 11, 2021 24:18:13.43 [2116:7548:0311/001813.433:ERROR:page_load_metrics_update_dispatcher.cc(170)] Invalid first_paint 0.336 s for first_image_paint 0.324 s
3월 11, 2021 24:18:42.29 [2116:7548:0311/001842.295:ERROR:page_load_metrics_update_dispatcher.cc(170)] Invalid first_paint 0.336 s for first_image_paint 0.324 s
3월 11, 2021 24:19:11.44 [2116:7548:0311/001911.442:ERROR:page_load_metrics_update_dispatcher.cc(170)] Invalid first_paint 0.336 s for first_image_paint 0.324 s
3월 11, 2021 24:19:42.08 [2116:7548:0311/001942.088:ERROR:page_load_metrics_update_dispatcher.cc(170)] Invalid first_paint 0.336 s for first_image_paint 0.324 s
3월 11, 2021 24:20:11.96 [2116:7548:0311/002011.967:ERROR:page_load_metrics_update_dispatcher.cc(170)] Invalid first_paint 0.336 s for first_image_paint 0.324 s

3월 13, 2021 15:43:18.97 NEW SESSION
3월 13, 2021 15:43:18.97 [1184:8368:0313/154318.972:ERROR:device_event_log_impl.cc(214)] [15:43:18.973] USB: usb_device_handle_win.cc:1056 Failed to read descriptor from node connection: 시스템에 부착된 장치가 작동하지 않습니다. (0x1F)
3월 13, 2021 15:44:06.26 [8160:8220:0313/154406.266:ERROR:device_event_log_impl.cc(214)] [15:44:06.266] USB: usb_device_handle_win.cc:1056 Failed to read descriptor from node connection: 시스템에 부착된 장치가 작동하지 않습니다. (0x1F)
3월 13, 2021 15:44:06.26 [8160:8220:0313/154406.267:ERROR:device_event_log_impl.cc(214)] [15:44:06.268] USB: usb_device_handle_win.cc:1056 Failed to read descriptor from node connection: 시스템에 부착된 장치가 작동하지 않습니다. (0x1F)
3월 13, 2021 15:47:44.65 [436:6688:0313/154744.657:ERROR:device_event_log_impl.cc(214)] [15:47:44.656] USB: usb_device_handle_win.cc:1056 Failed to read descriptor from node connection: 시스템에 부착된 장치가 작동하지 않습니다. (0x1F)
3월 13, 2021 15:50:37.86 [2684:3672:0313/155037.861:ERROR:device_event_log_impl.cc(214)] [15:50:37.861] USB: usb_device_handle_win.cc:1056 Failed to read descriptor from node connection: 시스템에 부착된 장치가 작동하지 않습니다. (0x1F)
3월 13, 2021 16:51:19.15 [2188:6824:0313/165119.150:ERROR:device_event_log_impl.cc(214)] [16:51:19.149] USB: usb_device_handle_win.cc:1056 Failed to read descriptor from node connection: 시스템에 부착된 장치가 작동하지 않습니다. (0x1F)
3월 13, 2021 16:51:19.15 [2188:6824:0313/165119.150:ERROR:device_event_log_impl.cc(214)] [16:51:19.150] USB: usb_device_handle_win.cc:1056 Failed to read descriptor from node connection: 시스템에 부착된 장치가 작동하지 않습니다. (0x1F)

3월 13, 2021 19:11:06.45 NEW SESSION
3월 13, 2021 19:11:06.45 [8240:9080:0313/191106.456:ERROR:device_event_log_impl.cc(214)] [19:11:06.456] USB: usb_device_handle_win.cc:1056 Failed to read descriptor from node connection: 시스템에 부착된 장치가 작동하지 않습니다. (0x1F)
3월 13, 2021 19:15:48.72 [2624:5964:0313/191548.729:ERROR:device_event_log_impl.cc(214)] [19:15:48.728] USB: usb_device_handle_win.cc:1056 Failed to read descriptor from node connection: 시스템에 부착된 장치가 작동하지 않습니다. (0x1F)

3월 13, 2021 22:25:30.72 NEW SESSION
3월 13, 2021 22:25:30.72 [3904:1732:0313/222530.719:ERROR:device_event_log_impl.cc(214)] [22:25:30.719] USB: usb_device_handle_win.cc:1056 Failed to read descriptor from node connection: 시스템에 부착된 장치가 작동하지 않습니다. (0x1F)

3월 13, 2021 23:17:53.57 NEW SESSION
3월 13, 2021 23:17:53.57 [5568:6020:0313/231753.576:ERROR:device_event_log_impl.cc(214)] [23:17:53.576] USB: usb_device_handle_win.cc:1056 Failed to read descriptor from node connection: 시스템에 부착된 장치가 작동하지 않습니다. (0x1F)
3월 14, 2021 24:23:15.34 [2296:3504:0314/002315.343:ERROR:device_event_log_impl.cc(214)] [00:23:15.343] USB: usb_device_handle_win.cc:1056 Failed to read descriptor from node connection: 시스템에 부착된 장치가 작동하지 않습니다. (0x1F)
3월 14, 2021 24:24:45.83 [6084:9196:0314/002445.839:ERROR:device_event_log_impl.cc(214)] [00:24:45.839] USB: usb_device_handle_win.cc:1056 Failed to read descriptor from node connection: 시스템에 부착된 장치가 작동하지 않습니다. (0x1F)
3월 14, 2021 24:29:34.49 [8228:8796:0314/002934.492:ERROR:device_event_log_impl.cc(214)] [00:29:34.492] USB: usb_device_handle_win.cc:1056 Failed to read descriptor from node connection: 시스템에 부착된 장치가 작동하지 않습니다. (0x1F)
3월 14, 2021 01:15:11.06 [2436:1912:0314/011511.060:ERROR:device_event_log_impl.cc(214)] [01:15:11.060] USB: usb_device_handle_win.cc:1056 Failed to read descriptor from node connection: 시스템에 부착된 장치가 작동하지 않습니다. (0x1F)

3월 15, 2021 21:55:45.83 NEW SESSION
3월 15, 2021 21:55:45.83 [5760:6344:0315/215545.835:ERROR:device_event_log_impl.cc(214)] [21:55:45.835] USB: usb_device_handle_win.cc:1056 Failed to read descriptor from node connection: 시스템에 부착된 장치가 작동하지 않습니다. (0x1F)
3월 15, 2021 22:28:44.69 [704:8276:0315/222844.691:ERROR:device_event_log_impl.cc(214)] [22:28:44.691] USB: usb_device_handle_win.cc:1056 Failed to read descriptor from node connection: 시스템에 부착된 장치가 작동하지 않습니다. (0x1F)
3월 15, 2021 22:34:16.25 [10204:792:0315/223416.254:ERROR:device_event_log_impl.cc(214)] [22:34:16.254] USB: usb_device_handle_win.cc:1056 Failed to read descriptor from node connection: 시스템에 부착된 장치가 작동하지 않습니다. (0x1F)
3월 15, 2021 22:42:03.27 [7996:2836:0315/224203.269:ERROR:device_event_log_impl.cc(214)] [22:42:03.269] USB: usb_device_handle_win.cc:1056 Failed to read descriptor from node connection: 시스템에 부착된 장치가 작동하지 않습니다. (0x1F)
3월 15, 2021 22:42:38.04 [7672:4568:0315/224238.040:ERROR:device_event_log_impl.cc(214)] [22:42:38.039] USB: usb_device_handle_win.cc:1056 Failed to read descriptor from node connection: 시스템에 부착된 장치가 작동하지 않습니다. (0x1F)
3월 15, 2021 22:57:32.82 [9256:1612:0315/225732.822:ERROR:device_event_log_impl.cc(214)] [22:57:32.822] USB: usb_device_handle_win.cc:1056 Failed to read descriptor from node connection: 시스템에 부착된 장치가 작동하지 않습니다. (0x1F)
3월 15, 2021 23:00:58.11 [2280:5624:0315/230058.113:ERROR:device_event_log_impl.cc(214)] [23:00:58.114] USB: usb_device_handle_win.cc:1056 Failed to read descriptor from node connection: 시스템에 부착된 장치가 작동하지 않습니다. (0x1F)
3월 15, 2021 23:18:37.43 [9920:1308:0315/231837.438:ERROR:device_event_log_impl.cc(214)] [23:18:37.438] USB: usb_device_handle_win.cc:1056 Failed to read descriptor from node connection: 시스템에 부착된 장치가 작동하지 않습니다. (0x1F)

3월 16, 2021 22:24:08.82 NEW SESSION
3월 16, 2021 22:24:08.82 [4408:2160:0316/222408.819:ERROR:device_event_log_impl.cc(214)] [22:24:08.820] USB: usb_device_handle_win.cc:1056 Failed to read descriptor from node connection: 시스템에 부착된 장치가 작동하지 않습니다. (0x1F)
3월 16, 2021 22:42:32.36 [10200:2552:0316/224232.363:ERROR:device_event_log_impl.cc(214)] [22:42:32.363] USB: usb_device_handle_win.cc:1056 Failed to read descriptor from node connection: 시스템에 부착된 장치가 작동하지 않습니다. (0x1F)
3월 16, 2021 22:42:32.36 [10200:2552:0316/224232.365:ERROR:device_event_log_impl.cc(214)] [22:42:32.365] USB: usb_device_handle_win.cc:1056 Failed to read descriptor from node connection: 시스템에 부착된 장치가 작동하지 않습니다. (0x1F)
3월 16, 2021 22:45:07.92 [7216:2448:0316/224507.921:ERROR:device_event_log_impl.cc(214)] [22:45:07.921] USB: usb_device_handle_win.cc:1056 Failed to read descriptor from node connection: 시스템에 부착된 장치가 작동하지 않습니다. (0x1F)
3월 16, 2021 22:57:09.73 [1832:6496:0316/225709.730:ERROR:device_event_log_impl.cc(214)] [22:57:09.730] USB: usb_device_handle_win.cc:1056 Failed to read descriptor from node connection: 시스템에 부착된 장치가 작동하지 않습니다. (0x1F)
3월 16, 2021 22:57:09.73 [1832:6496:0316/225709.732:ERROR:device_event_log_impl.cc(214)] [22:57:09.732] USB: usb_device_handle_win.cc:1056 Failed to read descriptor from node connection: 시스템에 부착된 장치가 작동하지 않습니다. (0x1F)

3월 17, 2021 18:41:30.77 NEW SESSION
3월 17, 2021 18:41:30.77 [6148:6000:0317/184130.765:ERROR:device_event_log_impl.cc(214)] [18:41:30.765] USB: usb_device_handle_win.cc:1056 Failed to read descriptor from node connection: 시스템에 부착된 장치가 작동하지 않습니다. (0x1F)
3월 17, 2021 18:41:30.77 [6148:6000:0317/184130.765:ERROR:device_event_log_impl.cc(214)] [18:41:30.765] USB: usb_device_handle_win.cc:1056 Failed to read descriptor from node connection: 시스템에 부착된 장치가 작동하지 않습니다. (0x1F)
3월 17, 2021 18:41:49.84 [8824:8612:0317/184149.849:ERROR:device_event_log_impl.cc(214)] [18:41:49.849] USB: usb_device_handle_win.cc:1056 Failed to read descriptor from node connection: 시스템에 부착된 장치가 작동하지 않습니다. (0x1F)
3월 17, 2021 18:41:49.85 [8824:8612:0317/184149.850:ERROR:device_event_log_impl.cc(214)] [18:41:49.850] USB: usb_device_handle_win.cc:1056 Failed to read descriptor from node connection: 시스템에 부착된 장치가 작동하지 않습니다. (0x1F)
3월 17, 2021 23:30:24.32 [2060:5664:0317/233024.328:ERROR:device_event_log_impl.cc(214)] [23:30:24.329] USB: usb_device_handle_win.cc:1056 Failed to read descriptor from node connection: 시스템에 부착된 장치가 작동하지 않습니다. (0x1F)

3월 18, 2021 24:56:22.95 NEW SESSION
3월 18, 2021 24:56:22.95 [6540:7456:0318/005622.953:ERROR:device_event_log_impl.cc(214)] [00:56:22.953] USB: usb_device_handle_win.cc:1056 Failed to read descriptor from node connection: 시스템에 부착된 장치가 작동하지 않습니다. (0x1F)

3월 20, 2021 12:37:28.05 NEW SESSION
3월 20, 2021 12:37:28.05 [9612:10488:0320/123728.057:ERROR:device_event_log_impl.cc(214)] [12:37:28.047] USB: usb_device_handle_win.cc:1056 Failed to read descriptor from node connection: 시스템에 부착된 장치가 작동하지 않습니다. (0x1F)

3월 20, 2021 21:20:59.53 NEW SESSION
3월 20, 2021 21:20:59.53 [9592:8068:0320/212059.536:ERROR:device_event_log_impl.cc(214)] [21:20:59.535] USB: usb_device_handle_win.cc:1056 Failed to read descriptor from node connection: 시스템에 부착된 장치가 작동하지 않습니다. (0x1F)
3월 20, 2021 21:46:34.14 [10216:7524:0320/214634.144:ERROR:device_event_log_impl.cc(214)] [21:46:34.144] USB: usb_device_handle_win.cc:1056 Failed to read descriptor from node connection: 시스템에 부착된 장치가 작동하지 않습니다. (0x1F)

3월 21, 2021 17:55:03.42 NEW SESSION
3월 21, 2021 17:55:03.42 [7528:11008:0321/175503.419:ERROR:device_event_log_impl.cc(214)] [17:55:03.419] USB: usb_device_handle_win.cc:1056 Failed to read descriptor from node connection: 시스템에 부착된 장치가 작동하지 않습니다. (0x1F)

3월 21, 2021 22:33:05.30 NEW SESSION
3월 21, 2021 22:33:05.30 [1104:10280:0321/223305.301:ERROR:device_event_log_impl.cc(214)] [22:33:05.300] USB: usb_device_handle_win.cc:1056 Failed to read descriptor from node connection: 시스템에 부착된 장치가 작동하지 않습니다. (0x1F)
3월 21, 2021 22:46:03.99 [7908:6816:0321/224603.998:ERROR:device_event_log_impl.cc(214)] [22:46:03.998] USB: usb_device_handle_win.cc:1056 Failed to read descriptor from node connection: 시스템에 부착된 장치가 작동하지 않습니다. (0x1F)
3월 21, 2021 22:46:04.00 [7908:6816:0321/224604.005:ERROR:device_event_log_impl.cc(214)] [22:46:04.005] USB: usb_device_handle_win.cc:1056 Failed to read descriptor from node connection: 시스템에 부착된 장치가 작동하지 않습니다. (0x1F)

3월 22, 2021 23:53:19.18 NEW SESSION
3월 22, 2021 23:53:19.18 [1820:10812:0322/235319.170:ERROR:device_event_log_impl.cc(214)] [23:53:19.170] USB: usb_device_handle_win.cc:1056 Failed to read descriptor from node connection: 시스템에 부착된 장치가 작동하지 않습니다. (0x1F)
3월 22, 2021 23:53:19.18 [1820:10812:0322/235319.172:ERROR:device_event_log_impl.cc(214)] [23:53:19.172] USB: usb_device_handle_win.cc:1056 Failed to read descriptor from node connection: 시스템에 부착된 장치가 작동하지 않습니다. (0x1F)

3월 27, 2021 17:53:23.00 NEW SESSION
3월 27, 2021 17:53:23.00 [3428:2096:0327/175323.004:ERROR:device_event_log_impl.cc(214)] [17:53:23.003] USB: usb_device_handle_win.cc:1056 Failed to read descriptor from node connection: 시스템에 부착된 장치가 작동하지 않습니다. (0x1F)
3월 27, 2021 20:00:55.19 [3428:2096:0327/200055.190:ERROR:device_event_log_impl.cc(214)] [20:00:55.190] USB: usb_service_win.cc:258 Failed to get device driver name: 요소가 없습니다. (0x490)
3월 27, 2021 20:00:55.19 [3428:2096:0327/200055.197:ERROR:usb_descriptors.cc(160)] Device descriptor parsing error.
3월 27, 2021 20:00:55.19 [3428:2096:0327/200055.197:ERROR:device_event_log_impl.cc(214)] [20:00:55.196] USB: usb_device_win.cc:93 Failed to read descriptors from \\?\usb#vid_5986&pid_9102#6&1d63ab43&0&4#{a5dcbf10-6530-11d2-901f-00c04fb951ed}.
3월 27, 2021 20:00:55.19 [3428:2096:0327/200055.197:ERROR:usb_descriptors.cc(160)] Device descriptor parsing error.
3월 27, 2021 20:00:55.19 [3428:2096:0327/200055.197:ERROR:device_event_log_impl.cc(214)] [20:00:55.196] USB: usb_device_win.cc:93 Failed to read descriptors from \\?\usb#vid_8087&pid_0029#6&1d63ab43&0&3#{a5dcbf10-6530-11d2-901f-00c04fb951ed}.
3월 27, 2021 20:00:56.66 [3428:2096:0327/200056.668:ERROR:device_event_log_impl.cc(214)] [20:00:56.668] USB: usb_service_win.cc:258 Failed to get device driver name: 요소가 없습니다. (0x490)
3월 27, 2021 20:59:19.47 [2132:7764:0327/205919.475:ERROR:device_event_log_impl.cc(214)] [20:59:19.475] USB: usb_device_handle_win.cc:1056 Failed to read descriptor from node connection: 시스템에 부착된 장치가 작동하지 않습니다. (0x1F)

3월 28, 2021 18:51:17.71 NEW SESSION
3월 28, 2021 18:51:17.71 [5804:7400:0328/185117.714:ERROR:device_event_log_impl.cc(214)] [18:51:17.714] USB: usb_device_handle_win.cc:1056 Failed to read descriptor from node connection: 시스템에 부착된 장치가 작동하지 않습니다. (0x1F)
3월 28, 2021 21:49:28.38 [5804:7400:0328/214928.382:ERROR:device_event_log_impl.cc(214)] [21:49:28.310] USB: usb_service_win.cc:191 Failed to get device bus number: 요소가 없습니다. (0x490)
3월 28, 2021 21:49:28.38 [5804:7400:0328/214928.382:ERROR:device_event_log_impl.cc(214)] [21:49:28.311] USB: usb_service_win.cc:281 SetupDiEnumDeviceInterfaces: 사용 가능한 데이터가 없습니다. (0x103)
3월 28, 2021 21:49:28.38 [5804:7400:0328/214928.382:ERROR:device_event_log_impl.cc(214)] [21:49:28.314] USB: usb_service_win.cc:258 Failed to get device driver name: 요소가 없습니다. (0x490)
3월 28, 2021 21:49:29.02 [5804:7400:0328/214929.024:ERROR:device_event_log_impl.cc(214)] [21:49:29.023] USB: usb_service_win.cc:258 Failed to get device driver name: 요소가 없습니다. (0x490)

3월 29, 2021 24:09:28.76 NEW SESSION
3월 29, 2021 24:09:28.76 [10116:9408:0329/000928.759:ERROR:device_event_log_impl.cc(214)] [00:09:28.759] USB: usb_device_handle_win.cc:1056 Failed to read descriptor from node connection: 시스템에 부착된 장치가 작동하지 않습니다. (0x1F)
3월 29, 2021 24:24:01.45 [9488:5052:0329/002401.450:ERROR:device_event_log_impl.cc(214)] [00:24:01.449] USB: usb_device_handle_win.cc:1056 Failed to read descriptor from node connection: 시스템에 부착된 장치가 작동하지 않습니다. (0x1F)

3월 31, 2021 20:56:41.78 NEW SESSION
3월 31, 2021 20:56:41.78 [1164:2008:0331/205641.781:ERROR:device_event_log_impl.cc(214)] [20:56:41.780] USB: usb_device_handle_win.cc:1056 Failed to read descriptor from node connection: 시스템에 부착된 장치가 작동하지 않습니다. (0x1F)

4월 04, 2021 14:43:56.79 NEW SESSION
4월 04, 2021 14:43:56.79 [6516:10884:0404/144356.795:ERROR:device_event_log_impl.cc(214)] [14:43:56.795] USB: usb_device_handle_win.cc:1056 Failed to read descriptor from node connection: 시스템에 부착된 장치가 작동하지 않습니다. (0x1F)

4월 05, 2021 21:49:28.94 NEW SESSION
4월 05, 2021 21:49:28.94 [5860:5880:0405/214928.946:ERROR:device_event_log_impl.cc(214)] [21:49:28.941] USB: usb_device_handle_win.cc:1056 Failed to read descriptor from node connection: 시스템에 부착된 장치가 작동하지 않습니다. (0x1F)

4월 22, 2021 20:50:24.40 NEW SESSION
4월 22, 2021 20:50:24.40 [6280:12144:0422/205024.404:ERROR:device_event_log_impl.cc(214)] [20:50:24.401] USB: usb_device_handle_win.cc:1056 Failed to read descriptor from node connection: 시스템에 부착된 장치가 작동하지 않습니다. (0x1F)

4월 25, 2021 17:56:06.48 NEW SESSION
4월 25, 2021 17:56:06.48 [920:13228:0425/175606.482:ERROR:device_event_log_impl.cc(214)] [17:56:06.482] USB: usb_device_handle_win.cc:1054 Failed to read descriptor from node connection: 시스템에 부착된 장치가 작동하지 않습니다. (0x1F)

4월 25, 2021 22:01:33.52 NEW SESSION
4월 25, 2021 22:01:33.52 [9820:7476:0425/220133.524:ERROR:device_event_log_impl.cc(214)] [22:01:33.524] USB: usb_device_handle_win.cc:1054 Failed to read descriptor from node connection: 시스템에 부착된 장치가 작동하지 않습니다. (0x1F)

4월 27, 2021 19:06:22.86 NEW SESSION
4월 27, 2021 19:06:22.86 [12928:12180:0427/190622.854:ERROR:device_event_log_impl.cc(214)] [19:06:22.855] USB: usb_device_handle_win.cc:1054 Failed to read descriptor from node connection: 시스템에 부착된 장치가 작동하지 않습니다. (0x1F)
4월 27, 2021 19:06:22.86 [12928:12180:0427/190622.856:ERROR:device_event_log_impl.cc(214)] [19:06:22.856] USB: usb_device_handle_win.cc:1054 Failed to read descriptor from node connection: 시스템에 부착된 장치가 작동하지 않습니다. (0x1F)
4월 28, 2021 11:47:28.22 [5876:7560:0428/114728.228:ERROR:device_event_log_impl.cc(214)] [11:47:28.228] USB: usb_device_handle_win.cc:1054 Failed to read descriptor from node connection: 시스템에 부착된 장치가 작동하지 않습니다. (0x1F)

4월 28, 2021 14:43:44.22 NEW SESSION
4월 28, 2021 14:43:44.22 [11980:9336:0428/144344.224:ERROR:device_event_log_impl.cc(214)] [14:43:44.224] USB: usb_device_handle_win.cc:1054 Failed to read descriptor from node connection: 시스템에 부착된 장치가 작동하지 않습니다. (0x1F)
4월 28, 2021 15:18:56.44 [8368:12652:0428/151856.440:ERROR:device_event_log_impl.cc(214)] [15:18:56.440] USB: usb_device_handle_win.cc:1054 Failed to read descriptor from node connection: 시스템에 부착된 장치가 작동하지 않습니다. (0x1F)
4월 28, 2021 15:44:30.78 [12224:5724:0428/154430.781:ERROR:device_event_log_impl.cc(214)] [15:44:30.780] USB: usb_device_handle_win.cc:1054 Failed to read descriptor from node connection: 시스템에 부착된 장치가 작동하지 않습니다. (0x1F)
4월 28, 2021 16:18:33.17 [2300:10096:0428/161833.173:ERROR:device_event_log_impl.cc(214)] [16:18:33.173] USB: usb_device_handle_win.cc:1054 Failed to read descriptor from node connection: 시스템에 부착된 장치가 작동하지 않습니다. (0x1F)

4월 29, 2021 10:53:29.82 NEW SESSION
4월 29, 2021 10:53:29.82 [10064:4032:0429/105329.818:ERROR:device_event_log_impl.cc(214)] [10:53:29.818] USB: usb_device_handle_win.cc:1054 Failed to read descriptor from node connection: 시스템에 부착된 장치가 작동하지 않습니다. (0x1F)

4월 29, 2021 19:17:38.82 NEW SESSION
4월 29, 2021 19:17:38.82 [2480:4228:0429/191738.824:ERROR:device_event_log_impl.cc(214)] [19:17:38.825] USB: usb_device_handle_win.cc:1054 Failed to read descriptor from node connection: 시스템에 부착된 장치가 작동하지 않습니다. (0x1F)

5월 01, 2021 12:18:37.25 NEW SESSION
5월 01, 2021 12:18:37.25 [832:8280:0501/121837.247:ERROR:device_event_log_impl.cc(214)] [12:18:37.247] USB: usb_device_handle_win.cc:1054 Failed to read descriptor from node connection: 시스템에 부착된 장치가 작동하지 않습니다. (0x1F)

5월 01, 2021 14:41:32.62 NEW SESSION
5월 01, 2021 14:41:32.62 [12364:8144:0501/144132.625:ERROR:device_event_log_impl.cc(214)] [14:41:32.626] USB: usb_device_handle_win.cc:1054 Failed to read descriptor from node connection: 시스템에 부착된 장치가 작동하지 않습니다. (0x1F)

5월 01, 2021 20:26:34.76 NEW SESSION
5월 01, 2021 20:26:34.76 [4436:6172:0501/202634.762:ERROR:device_event_log_impl.cc(214)] [20:26:34.762] USB: usb_device_handle_win.cc:1054 Failed to read descriptor from node connection: 시스템에 부착된 장치가 작동하지 않습니다. (0x1F)
5월 01, 2021 21:15:02.29 [2532:13044:0501/211502.293:ERROR:device_event_log_impl.cc(214)] [21:15:02.293] USB: usb_device_handle_win.cc:1054 Failed to read descriptor from node connection: 시스템에 부착된 장치가 작동하지 않습니다. (0x1F)
5월 01, 2021 21:16:53.48 [10292:9152:0501/211653.484:ERROR:device_event_log_impl.cc(214)] [21:16:53.484] USB: usb_device_handle_win.cc:1054 Failed to read descriptor from node connection: 시스템에 부착된 장치가 작동하지 않습니다. (0x1F)

5월 01, 2021 22:48:06.77 NEW SESSION
5월 01, 2021 22:48:06.77 [7656:812:0501/224806.775:ERROR:device_event_log_impl.cc(214)] [22:48:06.776] USB: usb_device_handle_win.cc:1054 Failed to read descriptor from node connection: 시스템에 부착된 장치가 작동하지 않습니다. (0x1F)

5월 02, 2021 13:53:59.13 NEW SESSION
5월 02, 2021 13:53:59.13 [4624:1452:0502/135359.126:ERROR:device_event_log_impl.cc(214)] [13:53:59.125] USB: usb_device_handle_win.cc:1054 Failed to read descriptor from node connection: 시스템에 부착된 장치가 작동하지 않습니다. (0x1F)
5월 02, 2021 14:42:06.91 [4204:8056:0502/144206.910:ERROR:device_event_log_impl.cc(214)] [14:42:06.909] USB: usb_device_handle_win.cc:1054 Failed to read descriptor from node connection: 시스템에 부착된 장치가 작동하지 않습니다. (0x1F)
5월 02, 2021 17:54:24.96 [4204:8056:0502/175424.962:ERROR:device_event_log_impl.cc(214)] [17:54:24.961] USB: usb_device_handle_win.cc:1054 Failed to read descriptor from node connection: 시스템에 부착된 장치가 작동하지 않습니다. (0x1F)
5월 02, 2021 17:54:24.97 [4204:8056:0502/175424.970:ERROR:device_event_log_impl.cc(214)] [17:54:24.969] USB: usb_service_win.cc:258 Failed to get device driver name: 요소가 없습니다. (0x490)
5월 02, 2021 23:05:43.41 [4204:8056:0502/230543.410:ERROR:device_event_log_impl.cc(214)] [23:05:43.410] USB: usb_service_win.cc:191 Failed to get device bus number: 요소가 없습니다. (0x490)
5월 02, 2021 23:05:43.41 [4204:8056:0502/230543.412:ERROR:device_event_log_impl.cc(214)] [23:05:43.413] USB: usb_service_win.cc:281 SetupDiEnumDeviceInterfaces: 사용 가능한 데이터가 없습니다. (0x103)
5월 02, 2021 23:05:43.41 [4204:8056:0502/230543.417:ERROR:device_event_log_impl.cc(214)] [23:05:43.418] USB: usb_service_win.cc:258 Failed to get device driver name: 요소가 없습니다. (0x490)
5월 02, 2021 23:05:44.44 [4204:8056:0502/230544.448:ERROR:device_event_log_impl.cc(214)] [23:05:44.448] USB: usb_service_win.cc:258 Failed to get device driver name: 요소가 없습니다. (0x490)

5월 03, 2021 13:35:58.95 NEW SESSION
5월 03, 2021 13:35:58.96 [11576:7160:0503/133558.953:ERROR:device_event_log_impl.cc(214)] [13:35:58.953] USB: usb_device_handle_win.cc:1054 Failed to read descriptor from node connection: 시스템에 부착된 장치가 작동하지 않습니다. (0x1F)
5월 03, 2021 13:48:41.04 [13512:10304:0503/134841.047:ERROR:device_event_log_impl.cc(214)] [13:48:41.046] USB: usb_device_handle_win.cc:1054 Failed to read descriptor from node connection: 시스템에 부착된 장치가 작동하지 않습니다. (0x1F)
5월 03, 2021 14:06:13.59 [13512:10304:0503/140613.595:ERROR:device_event_log_impl.cc(214)] [14:06:13.595] USB: usb_service_win.cc:258 Failed to get device driver name: 요소가 없습니다. (0x490)

5월 04, 2021 13:45:25.46 NEW SESSION
5월 04, 2021 13:45:25.46 [6428:8064:0504/134525.465:ERROR:device_event_log_impl.cc(214)] [13:45:25.463] USB: usb_device_handle_win.cc:1054 Failed to read descriptor from node connection: 시스템에 부착된 장치가 작동하지 않습니다. (0x1F)

5월 05, 2021 15:26:49.12 NEW SESSION
5월 05, 2021 15:26:49.12 [8336:10172:0505/152649.124:ERROR:device_event_log_impl.cc(214)] [15:26:49.124] USB: usb_device_handle_win.cc:1054 Failed to read descriptor from node connection: 시스템에 부착된 장치가 작동하지 않습니다. (0x1F)
5월 05, 2021 15:28:16.05 [6976:11780:0505/152816.051:ERROR:device_event_log_impl.cc(214)] [15:28:16.051] USB: usb_device_handle_win.cc:1054 Failed to read descriptor from node connection: 시스템에 부착된 장치가 작동하지 않습니다. (0x1F)
5월 05, 2021 15:31:55.98 [8976:14304:0505/153155.982:ERROR:device_event_log_impl.cc(214)] [15:31:55.982] USB: usb_device_handle_win.cc:1054 Failed to read descriptor from node connection: 시스템에 부착된 장치가 작동하지 않습니다. (0x1F)
